2016-09-26 12:17:46.358 [main] INFO  com.ymt.HdcyWeixinApplication2:48 - Starting HdcyWeixinApplication2 on WIN8-1609011601 with PID 9296 (D:\work\hdcy-server\car2-weixin2\target\classes started by Administrator in D:\work\hdcy-server\car2-weixin2)
2016-09-26 12:17:46.371 [main] INFO  com.ymt.HdcyWeixinApplication2:670 - The following profiles are active: --spring.output.ansi.enabled=always
2016-09-26 12:17:46.459 [background-preinit] INFO  org.hibernate.validator.internal.util.Version:30 - HV000001: Hibernate Validator 5.2.4.Final
2016-09-26 12:17:46.733 [main] INFO  o.s.b.c.e.AnnotationConfigEmbeddedWebApplicationContext:578 - Refreshing org.springframework.boot.context.embedded.AnnotationConfigEmbeddedWebApplicationContext@6b927fb: startup date [Mon Sep 26 12:17:46 CST 2016]; root of context hierarchy
2016-09-26 12:17:59.082 [main] INFO  o.s.b.factory.support.DefaultListableBeanFactory:839 - Overriding bean definition for bean 'beanNameViewResolver' with a different definition: replacing [Root bean: class [null]; scope=; abstract=false; lazyInit=false; autowireMode=3; dependencyCheck=0; autowireCandidate=true; primary=false; factoryBeanName=org.springframework.boot.autoconfigure.web.ErrorMvcAutoConfiguration$WhitelabelErrorViewConfiguration; factoryMethodName=beanNameViewResolver; initMethodName=null; destroyMethodName=(inferred); defined in class path resource [org/springframework/boot/autoconfigure/web/ErrorMvcAutoConfiguration$WhitelabelErrorViewConfiguration.class]] with [Root bean: class [null]; scope=; abstract=false; lazyInit=false; autowireMode=3; dependencyCheck=0; autowireCandidate=true; primary=false; factoryBeanName=org.springframework.boot.autoconfigure.web.WebMvcAutoConfiguration$WebMvcAutoConfigurationAdapter; factoryMethodName=beanNameViewResolver; initMethodName=null; destroyMethodName=(inferred); defined in class path resource [org/springframework/boot/autoconfigure/web/WebMvcAutoConfiguration$WebMvcAutoConfigurationAdapter.class]]
2016-09-26 12:18:00.676 [main] INFO  o.s.c.s.PostProcessorRegistrationDelegate$BeanPostProcessorChecker:328 - Bean 'org.springframework.transaction.annotation.ProxyTransactionManagementConfiguration' of type [class org.springframework.transaction.annotation.ProxyTransactionManagementConfiguration$$EnhancerBySpringCGLIB$$c54cc199] is not eligible for getting processed by all BeanPostProcessors (for example: not eligible for auto-proxying)
2016-09-26 12:18:00.775 [main] INFO  o.s.c.s.PostProcessorRegistrationDelegate$BeanPostProcessorChecker:328 - Bean 'org.springframework.cache.annotation.ProxyCachingConfiguration' of type [class org.springframework.cache.annotation.ProxyCachingConfiguration$$EnhancerBySpringCGLIB$$2caa8bf7] is not eligible for getting processed by all BeanPostProcessors (for example: not eligible for auto-proxying)
2016-09-26 12:18:00.831 [main] INFO  o.s.c.s.PostProcessorRegistrationDelegate$BeanPostProcessorChecker:328 - Bean 'org.springframework.boot.autoconfigure.cache.CacheAutoConfiguration' of type [class org.springframework.boot.autoconfigure.cache.CacheAutoConfiguration$$EnhancerBySpringCGLIB$$66d28c1b] is not eligible for getting processed by all BeanPostProcessors (for example: not eligible for auto-proxying)
2016-09-26 12:18:03.196 [main] INFO  o.s.c.s.PostProcessorRegistrationDelegate$BeanPostProcessorChecker:328 - Bean 'spring.cache.CONFIGURATION_PROPERTIES' of type [class org.springframework.boot.autoconfigure.cache.CacheProperties] is not eligible for getting processed by all BeanPostProcessors (for example: not eligible for auto-proxying)
2016-09-26 12:18:03.248 [main] INFO  o.s.c.s.PostProcessorRegistrationDelegate$BeanPostProcessorChecker:328 - Bean 'org.springframework.boot.autoconfigure.cache.CacheManagerCustomizers' of type [class org.springframework.boot.autoconfigure.cache.CacheManagerCustomizers] is not eligible for getting processed by all BeanPostProcessors (for example: not eligible for auto-proxying)
2016-09-26 12:18:03.250 [main] INFO  o.s.c.s.PostProcessorRegistrationDelegate$BeanPostProcessorChecker:328 - Bean 'org.springframework.boot.autoconfigure.cache.SimpleCacheConfiguration' of type [class org.springframework.boot.autoconfigure.cache.SimpleCacheConfiguration$$EnhancerBySpringCGLIB$$f68d36dc] is not eligible for getting processed by all BeanPostProcessors (for example: not eligible for auto-proxying)
2016-09-26 12:18:03.275 [main] INFO  o.s.c.s.PostProcessorRegistrationDelegate$BeanPostProcessorChecker:328 - Bean 'cacheManager' of type [class org.springframework.cache.concurrent.ConcurrentMapCacheManager] is not eligible for getting processed by all BeanPostProcessors (for example: not eligible for auto-proxying)
2016-09-26 12:18:03.277 [main] INFO  o.s.c.s.PostProcessorRegistrationDelegate$BeanPostProcessorChecker:328 - Bean 'cacheAutoConfigurationValidator' of type [class org.springframework.boot.autoconfigure.cache.CacheAutoConfiguration$CacheManagerValidator] is not eligible for getting processed by all BeanPostProcessors (for example: not eligible for auto-proxying)
2016-09-26 12:18:04.151 [main] INFO  o.s.b.c.e.tomcat.TomcatEmbeddedServletContainer:81 - Tomcat initialized with port(s): 8080 (http)
2016-09-26 12:18:04.191 [main] INFO  org.apache.catalina.core.StandardService:180 - Starting service Tomcat
2016-09-26 12:18:04.195 [main] INFO  org.apache.catalina.core.StandardEngine:180 - Starting Servlet Engine: Apache Tomcat/8.0.32
2016-09-26 12:18:05.660 [localhost-startStop-1] INFO  o.a.c.core.ContainerBase.[Tomcat].[localhost].[/]:180 - Initializing Spring embedded WebApplicationContext
2016-09-26 12:18:05.662 [localhost-startStop-1] INFO  org.springframework.web.context.ContextLoader:272 - Root WebApplicationContext: initialization completed in 18928 ms
2016-09-26 12:18:06.923 [localhost-startStop-1] INFO  o.s.boot.context.embedded.FilterRegistrationBean:258 - Mapping filter: 'characterEncodingFilter' to: [/*]
2016-09-26 12:18:06.924 [localhost-startStop-1] INFO  o.s.boot.context.embedded.FilterRegistrationBean:258 - Mapping filter: 'hiddenHttpMethodFilter' to: [/*]
2016-09-26 12:18:06.925 [localhost-startStop-1] INFO  o.s.boot.context.embedded.FilterRegistrationBean:258 - Mapping filter: 'httpPutFormContentFilter' to: [/*]
2016-09-26 12:18:06.926 [localhost-startStop-1] INFO  o.s.boot.context.embedded.FilterRegistrationBean:258 - Mapping filter: 'requestContextFilter' to: [/*]
2016-09-26 12:18:06.937 [localhost-startStop-1] INFO  o.s.b.c.e.DelegatingFilterProxyRegistrationBean:258 - Mapping filter: 'springSecurityFilterChain' to: [/*]
2016-09-26 12:18:06.939 [localhost-startStop-1] INFO  o.s.boot.context.embedded.FilterRegistrationBean:227 - Filter httpPutFormContentFilter was not registered (possibly already registered?)
2016-09-26 12:18:06.940 [localhost-startStop-1] INFO  o.s.boot.context.embedded.ServletRegistrationBean:189 - Mapping servlet: 'dispatcherServlet' to [/]
2016-09-26 12:18:22.558 [localhost-startStop-1] INFO  o.s.orm.jpa.LocalContainerEntityManagerFactoryBean:339 - Building JPA container EntityManagerFactory for persistence unit 'default'
2016-09-26 12:18:23.975 [localhost-startStop-1] INFO  org.hibernate.jpa.internal.util.LogHelper:46 - HHH000204: Processing PersistenceUnitInfo [
	name: default
	...]
2016-09-26 12:18:45.122 [localhost-startStop-1] INFO  org.hibernate.Version:54 - HHH000412: Hibernate Core {4.3.11.Final}
2016-09-26 12:18:45.153 [localhost-startStop-1] INFO  org.hibernate.cfg.Environment:239 - HHH000206: hibernate.properties not found
2016-09-26 12:18:45.186 [localhost-startStop-1] INFO  org.hibernate.cfg.Environment:346 - HHH000021: Bytecode provider name : javassist
2016-09-26 12:18:49.316 [localhost-startStop-1] INFO  org.hibernate.annotations.common.Version:66 - HCANN000001: Hibernate Commons Annotations {4.0.5.Final}
2016-09-26 12:18:49.998 [localhost-startStop-1] INFO  org.hibernate.dialect.Dialect:145 - HHH000400: Using dialect: org.hibernate.dialect.MySQL5Dialect
2016-09-26 12:18:50.977 [localhost-startStop-1] INFO  o.h.hql.internal.ast.ASTQueryTranslatorFactory:47 - HHH000397: Using ASTQueryTranslatorFactory
2016-09-26 12:19:01.117 [localhost-startStop-1] INFO  org.hibernate.tool.hbm2ddl.SchemaUpdate:207 - HHH000228: Running hbm2ddl schema update
2016-09-26 12:19:01.123 [localhost-startStop-1] INFO  org.hibernate.tool.hbm2ddl.SchemaUpdate:218 - HHH000102: Fetching database metadata
2016-09-26 12:19:01.129 [localhost-startStop-1] INFO  org.hibernate.tool.hbm2ddl.SchemaUpdate:230 - HHH000396: Updating schema
2016-09-26 12:19:01.346 [localhost-startStop-1] INFO  org.hibernate.tool.hbm2ddl.TableMetadata:65 - HHH000261: Table found: haoduocheyou.pz_activity
2016-09-26 12:19:01.358 [localhost-startStop-1] INFO  org.hibernate.tool.hbm2ddl.TableMetadata:66 - HHH000037: Columns: [pz_contact_phone, pz_pz_id, pz_price, pz_contact_weixin, pz_people_limit]
2016-09-26 12:19:01.368 [localhost-startStop-1] INFO  org.hibernate.tool.hbm2ddl.TableMetadata:68 - HHH000108: Foreign keys: [fk_gdywt4opdajuq226l174t5o32]
2016-09-26 12:19:01.376 [localhost-startStop-1] INFO  org.hibernate.tool.hbm2ddl.TableMetadata:69 - HHH000126: Indexes: [primary]
2016-09-26 12:19:01.436 [localhost-startStop-1] INFO  org.hibernate.tool.hbm2ddl.TableMetadata:65 - HHH000261: Table found: haoduocheyou.pz_activity_images
2016-09-26 12:19:01.438 [localhost-startStop-1] INFO  org.hibernate.tool.hbm2ddl.TableMetadata:66 - HHH000037: Columns: [pz_images, pz_activity_id]
2016-09-26 12:19:01.439 [localhost-startStop-1] INFO  org.hibernate.tool.hbm2ddl.TableMetadata:68 - HHH000108: Foreign keys: [fk_a0phyo9r6gwyjicdtririicic]
2016-09-26 12:19:01.440 [localhost-startStop-1] INFO  org.hibernate.tool.hbm2ddl.TableMetadata:69 - HHH000126: Indexes: [fk_a0phyo9r6gwyjicdtririicic]
2016-09-26 12:19:01.542 [localhost-startStop-1] INFO  org.hibernate.tool.hbm2ddl.TableMetadata:65 - HHH000261: Table found: haoduocheyou.pz_activity_participator
2016-09-26 12:19:01.544 [localhost-startStop-1] INFO  org.hibernate.tool.hbm2ddl.TableMetadata:66 - HHH000037: Columns: [pz_pz_id, pz_message, pz_activity_id]
2016-09-26 12:19:01.545 [localhost-startStop-1] INFO  org.hibernate.tool.hbm2ddl.TableMetadata:68 - HHH000108: Foreign keys: [fk_maq6d0k9vtctrd5j4ksvfng8r, fk_5kwk9fhgurphdwhdklg17rrqd]
2016-09-26 12:19:01.546 [localhost-startStop-1] INFO  org.hibernate.tool.hbm2ddl.TableMetadata:69 - HHH000126: Indexes: [fk_maq6d0k9vtctrd5j4ksvfng8r, primary]
2016-09-26 12:19:01.657 [localhost-startStop-1] INFO  org.hibernate.tool.hbm2ddl.TableMetadata:65 - HHH000261: Table found: haoduocheyou.pz_article
2016-09-26 12:19:01.661 [localhost-startStop-1] INFO  org.hibernate.tool.hbm2ddl.TableMetadata:66 - HHH000037: Columns: [pz_content, pz_enable_date, pz_top, pz_modify_time, pz_image2, pz_read_count, pz_created_time, pz_business, pz_principal, pz_title, pz_enabled, pz_id, pz_image, pz_comment, pz_enable]
2016-09-26 12:19:01.663 [localhost-startStop-1] INFO  org.hibernate.tool.hbm2ddl.TableMetadata:68 - HHH000108: Foreign keys: []
2016-09-26 12:19:01.663 [localhost-startStop-1] INFO  org.hibernate.tool.hbm2ddl.TableMetadata:69 - HHH000126: Indexes: [primary]
2016-09-26 12:19:01.797 [localhost-startStop-1] INFO  org.hibernate.tool.hbm2ddl.TableMetadata:65 - HHH000261: Table found: haoduocheyou.pz_article_tag
2016-09-26 12:19:01.799 [localhost-startStop-1] INFO  org.hibernate.tool.hbm2ddl.TableMetadata:66 - HHH000037: Columns: [pz_id, pz_modify_time, pz_created_time, pz_tag_id, pz_target_id]
2016-09-26 12:19:01.799 [localhost-startStop-1] INFO  org.hibernate.tool.hbm2ddl.TableMetadata:68 - HHH000108: Foreign keys: [fk_9yf5je431dws7obpcycr8ax5n, fk_mqmsmj48q7autdnbqelb6l4he]
2016-09-26 12:19:01.800 [localhost-startStop-1] INFO  org.hibernate.tool.hbm2ddl.TableMetadata:69 - HHH000126: Indexes: [fk_9yf5je431dws7obpcycr8ax5n, fk_mqmsmj48q7autdnbqelb6l4he, primary]
2016-09-26 12:19:01.944 [localhost-startStop-1] INFO  org.hibernate.tool.hbm2ddl.TableMetadata:65 - HHH000261: Table found: haoduocheyou.pz_button
2016-09-26 12:19:01.945 [localhost-startStop-1] INFO  org.hibernate.tool.hbm2ddl.TableMetadata:66 - HHH000037: Columns: [pz_id, pz_full_id, pz_type, pz_level, pz_parent_id, pz_modify_time, pz_name, pz_url, pz_created_time, pz_index]
2016-09-26 12:19:01.948 [localhost-startStop-1] INFO  org.hibernate.tool.hbm2ddl.TableMetadata:68 - HHH000108: Foreign keys: [fk_tfyeycdch00bxjdk8qcvrvoc7]
2016-09-26 12:19:01.949 [localhost-startStop-1] INFO  org.hibernate.tool.hbm2ddl.TableMetadata:69 - HHH000126: Indexes: [fk_tfyeycdch00bxjdk8qcvrvoc7, primary]
2016-09-26 12:19:02.084 [localhost-startStop-1] INFO  org.hibernate.tool.hbm2ddl.TableMetadata:65 - HHH000261: Table found: haoduocheyou.pz_car
2016-09-26 12:19:02.087 [localhost-startStop-1] INFO  org.hibernate.tool.hbm2ddl.TableMetadata:66 - HHH000037: Columns: [pz_id, pz_modify_time, pz_name, pz_letter, pz_created_time, pz_index]
2016-09-26 12:19:02.090 [localhost-startStop-1] INFO  org.hibernate.tool.hbm2ddl.TableMetadata:68 - HHH000108: Foreign keys: []
2016-09-26 12:19:02.091 [localhost-startStop-1] INFO  org.hibernate.tool.hbm2ddl.TableMetadata:69 - HHH000126: Indexes: [primary]
2016-09-26 12:19:02.166 [localhost-startStop-1] INFO  org.hibernate.tool.hbm2ddl.TableMetadata:65 - HHH000261: Table found: haoduocheyou.pz_comment
2016-09-26 12:19:02.170 [localhost-startStop-1] INFO  org.hibernate.tool.hbm2ddl.TableMetadata:66 - HHH000037: Columns: [pz_content, pz_praise_count, pz_modify_time, pz_target, pz_created_time, pz_target_id, pz_creater_headimgurl, pz_id, pz_praise, pz_reply_to_user_id, pz_creater_id, pz_reply_to_id, pz_reply_to_name, pz_creater_name]
2016-09-26 12:19:02.176 [localhost-startStop-1] INFO  org.hibernate.tool.hbm2ddl.TableMetadata:68 - HHH000108: Foreign keys: []
2016-09-26 12:19:02.177 [localhost-startStop-1] INFO  org.hibernate.tool.hbm2ddl.TableMetadata:69 - HHH000126: Indexes: [primary]
2016-09-26 12:19:02.356 [localhost-startStop-1] INFO  org.hibernate.tool.hbm2ddl.TableMetadata:65 - HHH000261: Table found: haoduocheyou.pz_contrary
2016-09-26 12:19:02.357 [localhost-startStop-1] INFO  org.hibernate.tool.hbm2ddl.TableMetadata:66 - HHH000037: Columns: [pz_red_button, pz_pz_id, pz_red_count, pz_blue_count, pz_blue, pz_red, pz_blue_button]
2016-09-26 12:19:02.358 [localhost-startStop-1] INFO  org.hibernate.tool.hbm2ddl.TableMetadata:68 - HHH000108: Foreign keys: [fk_57sykxf67u3lpxk81ihyyq44p]
2016-09-26 12:19:02.359 [localhost-startStop-1] INFO  org.hibernate.tool.hbm2ddl.TableMetadata:69 - HHH000126: Indexes: [primary]
2016-09-26 12:19:02.447 [localhost-startStop-1] INFO  org.hibernate.tool.hbm2ddl.TableMetadata:65 - HHH000261: Table found: haoduocheyou.pz_contrary_participator
2016-09-26 12:19:02.448 [localhost-startStop-1] INFO  org.hibernate.tool.hbm2ddl.TableMetadata:66 - HHH000037: Columns: [pz_pz_id, pz_content, pz_contrary_id, pz_red, pz_state]
2016-09-26 12:19:02.449 [localhost-startStop-1] INFO  org.hibernate.tool.hbm2ddl.TableMetadata:68 - HHH000108: Foreign keys: [fk_2oaji2wsfwf3b7suw8hntjo0v, fk_piriejy59lbvg17h5mp4nx15n]
2016-09-26 12:19:02.450 [localhost-startStop-1] INFO  org.hibernate.tool.hbm2ddl.TableMetadata:69 - HHH000126: Indexes: [fk_2oaji2wsfwf3b7suw8hntjo0v, primary]
2016-09-26 12:19:02.663 [localhost-startStop-1] INFO  org.hibernate.tool.hbm2ddl.TableMetadata:65 - HHH000261: Table found: haoduocheyou.pz_gift
2016-09-26 12:19:02.664 [localhost-startStop-1] INFO  org.hibernate.tool.hbm2ddl.TableMetadata:66 - HHH000037: Columns: [pz_stock, pz_id, pz_desc, pz_modify_time, pz_name, pz_used, pz_created_time, pz_point]
2016-09-26 12:19:02.666 [localhost-startStop-1] INFO  org.hibernate.tool.hbm2ddl.TableMetadata:68 - HHH000108: Foreign keys: []
2016-09-26 12:19:02.667 [localhost-startStop-1] INFO  org.hibernate.tool.hbm2ddl.TableMetadata:69 - HHH000126: Indexes: [primary]
2016-09-26 12:19:02.914 [localhost-startStop-1] INFO  org.hibernate.tool.hbm2ddl.TableMetadata:65 - HHH000261: Table found: haoduocheyou.pz_gift_images
2016-09-26 12:19:02.915 [localhost-startStop-1] INFO  org.hibernate.tool.hbm2ddl.TableMetadata:66 - HHH000037: Columns: [pz_gift_id, pz_images]
2016-09-26 12:19:02.917 [localhost-startStop-1] INFO  org.hibernate.tool.hbm2ddl.TableMetadata:68 - HHH000108: Foreign keys: [fk_8jhaeo4r0gwsxqyjdpmnlwy5o]
2016-09-26 12:19:02.918 [localhost-startStop-1] INFO  org.hibernate.tool.hbm2ddl.TableMetadata:69 - HHH000126: Indexes: [fk_8jhaeo4r0gwsxqyjdpmnlwy5o]
2016-09-26 12:19:03.144 [localhost-startStop-1] INFO  org.hibernate.tool.hbm2ddl.TableMetadata:65 - HHH000261: Table found: haoduocheyou.pz_leader
2016-09-26 12:19:03.146 [localhost-startStop-1] INFO  org.hibernate.tool.hbm2ddl.TableMetadata:66 - HHH000037: Columns: [pz_top_image, pz_top, pz_user_id, pz_id, pz_intro, pz_modify_time, pz_approve_date, pz_status, pz_created_time, pz_top_index]
2016-09-26 12:19:03.146 [localhost-startStop-1] INFO  org.hibernate.tool.hbm2ddl.TableMetadata:68 - HHH000108: Foreign keys: [fk_jfxtw83fgdg4icsbynt4jaggv]
2016-09-26 12:19:03.147 [localhost-startStop-1] INFO  org.hibernate.tool.hbm2ddl.TableMetadata:69 - HHH000126: Indexes: [fk_jfxtw83fgdg4icsbynt4jaggv, primary]
2016-09-26 12:19:03.269 [localhost-startStop-1] INFO  org.hibernate.tool.hbm2ddl.TableMetadata:65 - HHH000261: Table found: haoduocheyou.pz_level
2016-09-26 12:19:03.270 [localhost-startStop-1] INFO  org.hibernate.tool.hbm2ddl.TableMetadata:66 - HHH000037: Columns: [pz_id, pz_modify_time, pz_name, pz_created_time, pz_point]
2016-09-26 12:19:03.271 [localhost-startStop-1] INFO  org.hibernate.tool.hbm2ddl.TableMetadata:68 - HHH000108: Foreign keys: []
2016-09-26 12:19:03.271 [localhost-startStop-1] INFO  org.hibernate.tool.hbm2ddl.TableMetadata:69 - HHH000126: Indexes: [primary]
2016-09-26 12:19:03.451 [localhost-startStop-1] INFO  org.hibernate.tool.hbm2ddl.TableMetadata:65 - HHH000261: Table found: haoduocheyou.pz_lottery
2016-09-26 12:19:03.457 [localhost-startStop-1] INFO  org.hibernate.tool.hbm2ddl.TableMetadata:66 - HHH000037: Columns: [pz_pz_id, pz_id, pz_desc, pz_name, pz_rule, pz_gifts, pz_limit2, pz_expired_date, pz_created_time, pz_limit1]
2016-09-26 12:19:03.458 [localhost-startStop-1] INFO  org.hibernate.tool.hbm2ddl.TableMetadata:68 - HHH000108: Foreign keys: []
2016-09-26 12:19:03.459 [localhost-startStop-1] INFO  org.hibernate.tool.hbm2ddl.TableMetadata:69 - HHH000126: Indexes: [primary]
2016-09-26 12:19:03.621 [localhost-startStop-1] INFO  org.hibernate.tool.hbm2ddl.TableMetadata:65 - HHH000261: Table found: haoduocheyou.pz_lottery_history
2016-09-26 12:19:03.622 [localhost-startStop-1] INFO  org.hibernate.tool.hbm2ddl.TableMetadata:66 - HHH000037: Columns: [pz_id, pz_win, pz_modify_time, pz_prize, pz_participator_id, pz_created_time]
2016-09-26 12:19:03.623 [localhost-startStop-1] INFO  org.hibernate.tool.hbm2ddl.TableMetadata:68 - HHH000108: Foreign keys: [fk_ekkfa1iehfpwcx8lvra808clj]
2016-09-26 12:19:03.623 [localhost-startStop-1] INFO  org.hibernate.tool.hbm2ddl.TableMetadata:69 - HHH000126: Indexes: [fk_ekkfa1iehfpwcx8lvra808clj, primary]
2016-09-26 12:19:03.827 [localhost-startStop-1] INFO  org.hibernate.tool.hbm2ddl.TableMetadata:65 - HHH000261: Table found: haoduocheyou.pz_lottery_participator
2016-09-26 12:19:03.828 [localhost-startStop-1] INFO  org.hibernate.tool.hbm2ddl.TableMetadata:66 - HHH000037: Columns: [pz_pz_id, pz_lottery_id, pz_win, pz_is_change, pz_prize]
2016-09-26 12:19:03.829 [localhost-startStop-1] INFO  org.hibernate.tool.hbm2ddl.TableMetadata:68 - HHH000108: Foreign keys: [fk_kx1fmdkfoda3h3gddte17fms0]
2016-09-26 12:19:03.831 [localhost-startStop-1] INFO  org.hibernate.tool.hbm2ddl.TableMetadata:69 - HHH000126: Indexes: [primary]
2016-09-26 12:19:04.029 [localhost-startStop-1] INFO  org.hibernate.tool.hbm2ddl.TableMetadata:65 - HHH000261: Table found: haoduocheyou.pz_lottery_prizes
2016-09-26 12:19:04.030 [localhost-startStop-1] INFO  org.hibernate.tool.hbm2ddl.TableMetadata:66 - HHH000037: Columns: [pz_prizes, pz_lottery_id, pz_count, pz_win, pz_name, pz_rate]
2016-09-26 12:19:04.031 [localhost-startStop-1] INFO  org.hibernate.tool.hbm2ddl.TableMetadata:68 - HHH000108: Foreign keys: [fk_4jipnnkgxvin07u9743osjmsk]
2016-09-26 12:19:04.032 [localhost-startStop-1] INFO  org.hibernate.tool.hbm2ddl.TableMetadata:69 - HHH000126: Indexes: [fk_4jipnnkgxvin07u9743osjmsk]
2016-09-26 12:19:04.252 [localhost-startStop-1] INFO  org.hibernate.tool.hbm2ddl.TableMetadata:65 - HHH000261: Table found: haoduocheyou.pz_param
2016-09-26 12:19:04.253 [localhost-startStop-1] INFO  org.hibernate.tool.hbm2ddl.TableMetadata:66 - HHH000037: Columns: [pz_code, pz_id, pz_modify_time, pz_name, pz_value, pz_system, pz_created_time, pz_index]
2016-09-26 12:19:04.254 [localhost-startStop-1] INFO  org.hibernate.tool.hbm2ddl.TableMetadata:68 - HHH000108: Foreign keys: []
2016-09-26 12:19:04.255 [localhost-startStop-1] INFO  org.hibernate.tool.hbm2ddl.TableMetadata:69 - HHH000126: Indexes: [primary]
2016-09-26 12:19:04.531 [localhost-startStop-1] INFO  org.hibernate.tool.hbm2ddl.TableMetadata:65 - HHH000261: Table found: haoduocheyou.pz_participation
2016-09-26 12:19:04.537 [localhost-startStop-1] INFO  org.hibernate.tool.hbm2ddl.TableMetadata:66 - HHH000037: Columns: [pz_modify_time, pz_start_time, pz_end_time, pz_created_time, pz_finish, pz_id, pz_desc, pz_image, pz_type, pz_name, pz_comment, pz_address, pz_hot]
2016-09-26 12:19:04.538 [localhost-startStop-1] INFO  org.hibernate.tool.hbm2ddl.TableMetadata:68 - HHH000108: Foreign keys: []
2016-09-26 12:19:04.539 [localhost-startStop-1] INFO  org.hibernate.tool.hbm2ddl.TableMetadata:69 - HHH000126: Indexes: [primary]
2016-09-26 12:19:06.432 [localhost-startStop-1] INFO  org.hibernate.tool.hbm2ddl.TableMetadata:65 - HHH000261: Table found: haoduocheyou.pz_participator
2016-09-26 12:19:06.434 [localhost-startStop-1] INFO  org.hibernate.tool.hbm2ddl.TableMetadata:66 - HHH000037: Columns: [pz_user_id, pz_id, pz_modify_time, pz_created_time, pz_participation_id]
2016-09-26 12:19:06.435 [localhost-startStop-1] INFO  org.hibernate.tool.hbm2ddl.TableMetadata:68 - HHH000108: Foreign keys: [fk_qtwp2okch8mrsgau1j4a4d6px, fk_fpv8unrr5e0w8h49b4dob8ds6]
2016-09-26 12:19:06.436 [localhost-startStop-1] INFO  org.hibernate.tool.hbm2ddl.TableMetadata:69 - HHH000126: Indexes: [fk_qtwp2okch8mrsgau1j4a4d6px, fk_fpv8unrr5e0w8h49b4dob8ds6, primary]
2016-09-26 12:19:07.065 [localhost-startStop-1] INFO  org.hibernate.tool.hbm2ddl.TableMetadata:65 - HHH000261: Table found: haoduocheyou.pz_post
2016-09-26 12:19:07.067 [localhost-startStop-1] INFO  org.hibernate.tool.hbm2ddl.TableMetadata:66 - HHH000037: Columns: [pz_content, pz_creater_type, pz_praise_count, pz_modify_time, pz_images, pz_created_time, pz_container_type, pz_creater_headimgurl, pz_id, pz_praise, pz_comment, pz_container_id, pz_creater_id, pz_creater_name]
2016-09-26 12:19:07.069 [localhost-startStop-1] INFO  org.hibernate.tool.hbm2ddl.TableMetadata:68 - HHH000108: Foreign keys: []
2016-09-26 12:19:07.070 [localhost-startStop-1] INFO  org.hibernate.tool.hbm2ddl.TableMetadata:69 - HHH000126: Indexes: [primary]
2016-09-26 12:19:07.176 [localhost-startStop-1] INFO  org.hibernate.tool.hbm2ddl.TableMetadata:65 - HHH000261: Table found: haoduocheyou.pz_poster
2016-09-26 12:19:07.177 [localhost-startStop-1] INFO  org.hibernate.tool.hbm2ddl.TableMetadata:66 - HHH000037: Columns: [pz_qrcode_scale, pz_active_tip, pz_modify_time, pz_active_point, pz_key, pz_created_time, pz_head_scale, pz_id, pz_incircle_head, pz_only_new_user_add_point, pz_image, pz_generated_tip, pz_name, pz_active_url, pz_head_left, pz_head_top, pz_qrcode_top, pz_qrcode_left]
2016-09-26 12:19:07.178 [localhost-startStop-1] INFO  org.hibernate.tool.hbm2ddl.TableMetadata:68 - HHH000108: Foreign keys: []
2016-09-26 12:19:07.180 [localhost-startStop-1] INFO  org.hibernate.tool.hbm2ddl.TableMetadata:69 - HHH000126: Indexes: [primary]
2016-09-26 12:19:07.289 [localhost-startStop-1] INFO  org.hibernate.tool.hbm2ddl.TableMetadata:65 - HHH000261: Table found: haoduocheyou.pz_praise
2016-09-26 12:19:07.291 [localhost-startStop-1] INFO  org.hibernate.tool.hbm2ddl.TableMetadata:66 - HHH000037: Columns: [pz_id, pz_modify_time, pz_created_time, pz_creater_id, pz_target_id, pz_creater_name]
2016-09-26 12:19:07.291 [localhost-startStop-1] INFO  org.hibernate.tool.hbm2ddl.TableMetadata:68 - HHH000108: Foreign keys: []
2016-09-26 12:19:07.292 [localhost-startStop-1] INFO  org.hibernate.tool.hbm2ddl.TableMetadata:69 - HHH000126: Indexes: [primary]
2016-09-26 12:19:07.702 [localhost-startStop-1] INFO  org.hibernate.tool.hbm2ddl.TableMetadata:65 - HHH000261: Table found: haoduocheyou.pz_spider
2016-09-26 12:19:07.723 [localhost-startStop-1] INFO  org.hibernate.tool.hbm2ddl.TableMetadata:66 - HHH000037: Columns: [pz_id, pz_sex, pz_modify_time, pz_name, pz_age, pz_cardid, pz_created_time]
2016-09-26 12:19:07.725 [localhost-startStop-1] INFO  org.hibernate.tool.hbm2ddl.TableMetadata:68 - HHH000108: Foreign keys: []
2016-09-26 12:19:07.726 [localhost-startStop-1] INFO  org.hibernate.tool.hbm2ddl.TableMetadata:69 - HHH000126: Indexes: [primary]
2016-09-26 12:19:07.874 [localhost-startStop-1] INFO  org.hibernate.tool.hbm2ddl.TableMetadata:65 - HHH000261: Table found: haoduocheyou.pz_tag
2016-09-26 12:19:07.876 [localhost-startStop-1] INFO  org.hibernate.tool.hbm2ddl.TableMetadata:66 - HHH000037: Columns: [pz_id, pz_full_id, pz_image, pz_modify_time, pz_level, pz_parent_id, pz_name, pz_created_time, pz_index]
2016-09-26 12:19:07.877 [localhost-startStop-1] INFO  org.hibernate.tool.hbm2ddl.TableMetadata:68 - HHH000108: Foreign keys: [fk_67ffinbq4dxayma05j85gggth]
2016-09-26 12:19:07.878 [localhost-startStop-1] INFO  org.hibernate.tool.hbm2ddl.TableMetadata:69 - HHH000126: Indexes: [fk_67ffinbq4dxayma05j85gggth, primary]
2016-09-26 12:19:07.973 [localhost-startStop-1] INFO  org.hibernate.tool.hbm2ddl.TableMetadata:65 - HHH000261: Table found: haoduocheyou.pz_taged
2016-09-26 12:19:07.975 [localhost-startStop-1] INFO  org.hibernate.tool.hbm2ddl.TableMetadata:66 - HHH000037: Columns: [pz_id, pz_modify_time, pz_target, pz_created_time, pz_tag_id, pz_target_id]
2016-09-26 12:19:07.976 [localhost-startStop-1] INFO  org.hibernate.tool.hbm2ddl.TableMetadata:68 - HHH000108: Foreign keys: [fk_q4bvct0uyd4sddknlppbnb8nr]
2016-09-26 12:19:07.988 [localhost-startStop-1] INFO  org.hibernate.tool.hbm2ddl.TableMetadata:69 - HHH000126: Indexes: [fk_q4bvct0uyd4sddknlppbnb8nr, primary]
2016-09-26 12:19:08.057 [localhost-startStop-1] INFO  org.hibernate.tool.hbm2ddl.TableMetadata:65 - HHH000261: Table found: haoduocheyou.pz_upload
2016-09-26 12:19:08.059 [localhost-startStop-1] INFO  org.hibernate.tool.hbm2ddl.TableMetadata:66 - HHH000037: Columns: [pz_content_type, pz_path, pz_id, pz_modify_time, pz_name, pz_created_time]
2016-09-26 12:19:08.064 [localhost-startStop-1] INFO  org.hibernate.tool.hbm2ddl.TableMetadata:68 - HHH000108: Foreign keys: []
2016-09-26 12:19:08.074 [localhost-startStop-1] INFO  org.hibernate.tool.hbm2ddl.TableMetadata:69 - HHH000126: Indexes: [primary]
2016-09-26 12:19:08.244 [localhost-startStop-1] INFO  org.hibernate.tool.hbm2ddl.TableMetadata:65 - HHH000261: Table found: haoduocheyou.pz_user
2016-09-26 12:19:08.245 [localhost-startStop-1] INFO  org.hibernate.tool.hbm2ddl.TableMetadata:66 - HHH000037: Columns: [pz_weixin_open_id, pz_country, pz_realname, pz_mobile, pz_password, pz_participation_count, pz_headimgurl, pz_zhifubao, pz_city, pz_province, pz_id, pz_headimg_oss_url_for_incircle, pz_activity_apply_read_time, pz_address, pz_message_read_time, pz_car, pz_birthday, pz_friend_apply_read_time, pz_modify_time, pz_vip_expired, pz_group_apply_read_time, pz_nickname, pz_vip, pz_created_time, pz_point, pz_weixin_union_id, pz_sex, pz_subscribe, pz_tags, pz_weixin, pz_level, pz_username, pz_scene_id, pz_vip_desc, pz_headimg_oss_url]
2016-09-26 12:19:08.246 [localhost-startStop-1] INFO  org.hibernate.tool.hbm2ddl.TableMetadata:68 - HHH000108: Foreign keys: []
2016-09-26 12:19:08.247 [localhost-startStop-1] INFO  org.hibernate.tool.hbm2ddl.TableMetadata:69 - HHH000126: Indexes: [primary]
2016-09-26 12:19:08.562 [localhost-startStop-1] INFO  org.hibernate.tool.hbm2ddl.TableMetadata:65 - HHH000261: Table found: haoduocheyou.pz_user_gift
2016-09-26 12:19:08.563 [localhost-startStop-1] INFO  org.hibernate.tool.hbm2ddl.TableMetadata:66 - HHH000037: Columns: [pz_user_id, pz_id, pz_gift_id, pz_modify_time, pz_created_time]
2016-09-26 12:19:08.564 [localhost-startStop-1] INFO  org.hibernate.tool.hbm2ddl.TableMetadata:68 - HHH000108: Foreign keys: [fk_8k95hw4na76p4wx9087v6n3tr, fk_b6kj3klsqft3b1y63pq93m6or]
2016-09-26 12:19:08.565 [localhost-startStop-1] INFO  org.hibernate.tool.hbm2ddl.TableMetadata:69 - HHH000126: Indexes: [fk_8k95hw4na76p4wx9087v6n3tr, fk_b6kj3klsqft3b1y63pq93m6or, primary]
2016-09-26 12:19:08.821 [localhost-startStop-1] INFO  org.hibernate.tool.hbm2ddl.TableMetadata:65 - HHH000261: Table found: haoduocheyou.pz_user_poster
2016-09-26 12:19:08.822 [localhost-startStop-1] INFO  org.hibernate.tool.hbm2ddl.TableMetadata:66 - HHH000037: Columns: [pz_expired_time, pz_user_id, pz_id, pz_active, pz_weixin_media_id, pz_poster_id, pz_modify_time, pz_oss_url, pz_created_time, pz_qrcode_oss_url, pz_point_count]
2016-09-26 12:19:08.825 [localhost-startStop-1] INFO  org.hibernate.tool.hbm2ddl.TableMetadata:68 - HHH000108: Foreign keys: [fk_acclx0tq27orpm5mvno0t7hpn, fk_rmq5a48f6plt4vhossqcd4v63]
2016-09-26 12:19:08.826 [localhost-startStop-1] INFO  org.hibernate.tool.hbm2ddl.TableMetadata:69 - HHH000126: Indexes: [fk_acclx0tq27orpm5mvno0t7hpn, fk_rmq5a48f6plt4vhossqcd4v63, primary]
2016-09-26 12:19:09.211 [localhost-startStop-1] INFO  org.hibernate.tool.hbm2ddl.TableMetadata:65 - HHH000261: Table found: haoduocheyou.pz_user_poster_scan
2016-09-26 12:19:09.212 [localhost-startStop-1] INFO  org.hibernate.tool.hbm2ddl.TableMetadata:66 - HHH000037: Columns: [pz_user_poster_id, pz_id, pz_scaner_id, pz_modify_time, pz_created_time]
2016-09-26 12:19:09.213 [localhost-startStop-1] INFO  org.hibernate.tool.hbm2ddl.TableMetadata:68 - HHH000108: Foreign keys: [fk_r955itwwt9cmwi861ltxhqeiy, fk_7aqpd4acqbq6nx8v2dg1bx8fs]
2016-09-26 12:19:09.214 [localhost-startStop-1] INFO  org.hibernate.tool.hbm2ddl.TableMetadata:69 - HHH000126: Indexes: [fk_r955itwwt9cmwi861ltxhqeiy, fk_7aqpd4acqbq6nx8v2dg1bx8fs, primary]
2016-09-26 12:19:09.282 [localhost-startStop-1] INFO  org.hibernate.tool.hbm2ddl.TableMetadata:65 - HHH000261: Table found: haoduocheyou.pz_voter
2016-09-26 12:19:09.284 [localhost-startStop-1] INFO  org.hibernate.tool.hbm2ddl.TableMetadata:66 - HHH000037: Columns: [pz_user_id, pz_id, pz_modify_time, pz_participator_id, pz_created_time]
2016-09-26 12:19:09.284 [localhost-startStop-1] INFO  org.hibernate.tool.hbm2ddl.TableMetadata:68 - HHH000108: Foreign keys: [fk_epodyiq2sxcvj0rd5itbdlutr, fk_ijrv4byt9vmkdexo6wsudojx6]
2016-09-26 12:19:09.285 [localhost-startStop-1] INFO  org.hibernate.tool.hbm2ddl.TableMetadata:69 - HHH000126: Indexes: [fk_epodyiq2sxcvj0rd5itbdlutr, fk_ijrv4byt9vmkdexo6wsudojx6, primary]
2016-09-26 12:19:09.376 [localhost-startStop-1] INFO  org.hibernate.tool.hbm2ddl.TableMetadata:65 - HHH000261: Table found: haoduocheyou.pz_voting
2016-09-26 12:19:09.377 [localhost-startStop-1] INFO  org.hibernate.tool.hbm2ddl.TableMetadata:66 - HHH000037: Columns: [pz_vote_limit2, pz_pz_id, pz_vote_limit1, pz_gift_desc, pz_result]
2016-09-26 12:19:09.378 [localhost-startStop-1] INFO  org.hibernate.tool.hbm2ddl.TableMetadata:68 - HHH000108: Foreign keys: [fk_kmiawmgbowja0ujdc7cc4lq1l]
2016-09-26 12:19:09.379 [localhost-startStop-1] INFO  org.hibernate.tool.hbm2ddl.TableMetadata:69 - HHH000126: Indexes: [primary]
2016-09-26 12:19:09.466 [localhost-startStop-1] INFO  org.hibernate.tool.hbm2ddl.TableMetadata:65 - HHH000261: Table found: haoduocheyou.pz_voting_gift_images
2016-09-26 12:19:09.467 [localhost-startStop-1] INFO  org.hibernate.tool.hbm2ddl.TableMetadata:66 - HHH000037: Columns: [pz_gift_images, pz_voting_id]
2016-09-26 12:19:09.468 [localhost-startStop-1] INFO  org.hibernate.tool.hbm2ddl.TableMetadata:68 - HHH000108: Foreign keys: [fk_1f2gpqj2g58pqr3dpdnftcfa4]
2016-09-26 12:19:09.468 [localhost-startStop-1] INFO  org.hibernate.tool.hbm2ddl.TableMetadata:69 - HHH000126: Indexes: [fk_1f2gpqj2g58pqr3dpdnftcfa4]
2016-09-26 12:19:09.515 [localhost-startStop-1] INFO  org.hibernate.tool.hbm2ddl.TableMetadata:65 - HHH000261: Table found: haoduocheyou.pz_voting_participator
2016-09-26 12:19:09.516 [localhost-startStop-1] INFO  org.hibernate.tool.hbm2ddl.TableMetadata:66 - HHH000037: Columns: [pz_pz_id, pz_image, pz_number, pz_message, pz_numberi, pz_voting_id, pz_vote_count, pz_state]
2016-09-26 12:19:09.517 [localhost-startStop-1] INFO  org.hibernate.tool.hbm2ddl.TableMetadata:68 - HHH000108: Foreign keys: [fk_6qjex4phcsqqyg039632td7qb, fk_5xuvsk2gs9daypjbpt2jwiaii]
2016-09-26 12:19:09.518 [localhost-startStop-1] INFO  org.hibernate.tool.hbm2ddl.TableMetadata:69 - HHH000126: Indexes: [fk_5xuvsk2gs9daypjbpt2jwiaii, primary]
2016-09-26 12:19:09.576 [localhost-startStop-1] INFO  org.hibernate.tool.hbm2ddl.TableMetadata:65 - HHH000261: Table found: haoduocheyou.pz_weixin_reply
2016-09-26 12:19:09.577 [localhost-startStop-1] INFO  org.hibernate.tool.hbm2ddl.TableMetadata:66 - HHH000037: Columns: [pz_content, pz_id, pz_modify_time, pz_key, pz_created_time]
2016-09-26 12:19:09.577 [localhost-startStop-1] INFO  org.hibernate.tool.hbm2ddl.TableMetadata:68 - HHH000108: Foreign keys: []
2016-09-26 12:19:09.578 [localhost-startStop-1] INFO  org.hibernate.tool.hbm2ddl.TableMetadata:69 - HHH000126: Indexes: [primary]
2016-09-26 12:19:10.047 [localhost-startStop-1] INFO  org.hibernate.tool.hbm2ddl.TableMetadata:65 - HHH000261: Table found: haoduocheyou.pz_id_sequence
2016-09-26 12:19:10.048 [localhost-startStop-1] INFO  org.hibernate.tool.hbm2ddl.TableMetadata:66 - HHH000037: Columns: [next_val]
2016-09-26 12:19:10.049 [localhost-startStop-1] INFO  org.hibernate.tool.hbm2ddl.TableMetadata:68 - HHH000108: Foreign keys: []
2016-09-26 12:19:10.050 [localhost-startStop-1] INFO  org.hibernate.tool.hbm2ddl.TableMetadata:69 - HHH000126: Indexes: []
2016-09-26 12:19:14.584 [localhost-startStop-1] ERROR org.hibernate.tool.hbm2ddl.SchemaUpdate:261 - HHH000388: Unsuccessful: alter table pz_lottery add constraint FK_l2qgoojwyfgj0ig70s397vk83 foreign key (pz_pz_id) references pz_participation (pz_id)
2016-09-26 12:19:14.585 [localhost-startStop-1] ERROR org.hibernate.tool.hbm2ddl.SchemaUpdate:262 - Cannot add or update a child row: a foreign key constraint fails (`haoduocheyou`.`#sql-4cb8_a0f45ac`, CONSTRAINT `FK_l2qgoojwyfgj0ig70s397vk83` FOREIGN KEY (`pz_pz_id`) REFERENCES `pz_participation` (`pz_id`))
2016-09-26 12:19:14.592 [localhost-startStop-1] ERROR org.hibernate.tool.hbm2ddl.SchemaUpdate:261 - HHH000388: Unsuccessful: alter table pz_lottery_participator add constraint FK_rur5fv6p9xw96b435rlp56dj5 foreign key (pz_lottery_id) references pz_lottery (pz_pz_id)
2016-09-26 12:19:14.593 [localhost-startStop-1] ERROR org.hibernate.tool.hbm2ddl.SchemaUpdate:262 - Cannot add foreign key constraint
2016-09-26 12:19:14.662 [localhost-startStop-1] INFO  org.hibernate.tool.hbm2ddl.SchemaUpdate:267 - HHH000232: Schema update complete
2016-09-26 12:19:28.739 [localhost-startStop-1] INFO  o.s.security.web.DefaultSecurityFilterChain:28 - Creating filter chain: org.springframework.security.web.util.matcher.AnyRequestMatcher@1, [org.springframework.security.web.context.request.async.WebAsyncManagerIntegrationFilter@5c640608, org.springframework.security.web.context.SecurityContextPersistenceFilter@28d88df8, org.springframework.security.web.header.HeaderWriterFilter@6a9d50e6, org.springframework.security.web.authentication.logout.LogoutFilter@5a57e16a, org.springframework.security.web.savedrequest.RequestCacheAwareFilter@2f87e581, org.springframework.security.web.servletapi.SecurityContextHolderAwareRequestFilter@2b5718d, org.springframework.security.web.authentication.AnonymousAuthenticationFilter@61352947, org.springframework.security.web.session.SessionManagementFilter@739dd892, org.springframework.security.web.access.ExceptionTranslationFilter@19fcb6ff, org.springframework.security.web.access.intercept.FilterSecurityInterceptor@364b9987]
2016-09-26 12:19:55.767 [main] WARN  o.s.b.c.e.AnnotationConfigEmbeddedWebApplicationContext:546 - Exception encountered during context initialization - cancelling refresh attempt: org.springframework.beans.factory.BeanCreationException: Error creating bean with name 'buttonService': Injection of autowired dependencies failed; nested exception is org.springframework.beans.factory.BeanCreationException: Could not autowire field: private com.ymt.pz365.framework.weixin.service.WeixinService com.ymt.pz365.framework.weixin.service.impl.ButtonServiceImpl.weixinService; nested exception is org.springframework.beans.factory.BeanCreationException: Error creating bean with name 'weixinService': Injection of autowired dependencies failed; nested exception is org.springframework.beans.factory.BeanCreationException: Could not autowire field: private java.lang.String com.ymt.pz365.framework.weixin.service.impl.WeixinServiceImpl.appId; nested exception is java.lang.IllegalArgumentException: Could not resolve placeholder 'weixin.app.id' in string value "${weixin.app.id}"
2016-09-26 12:19:55.874 [main] INFO  o.s.orm.jpa.LocalContainerEntityManagerFactoryBean:481 - Closing JPA EntityManagerFactory for persistence unit 'default'
2016-09-26 12:19:56.019 [main] INFO  org.apache.catalina.core.StandardService:180 - Stopping service Tomcat
2016-09-26 12:19:56.294 [localhost-startStop-2] WARN  org.apache.catalina.loader.WebappClassLoaderBase:180 - The web application [ROOT] appears to have started a thread named [Abandoned connection cleanup thread] but has failed to stop it. This is very likely to create a memory leak. Stack trace of thread:
 java.lang.Object.wait(Native Method)
 java.lang.ref.ReferenceQueue.remove(Unknown Source)
 com.mysql.jdbc.AbandonedConnectionCleanupThread.run(AbandonedConnectionCleanupThread.java:43)
2016-09-26 12:19:56.339 [main] ERROR org.springframework.boot.SpringApplication:827 - Application startup failed
org.springframework.beans.factory.BeanCreationException: Error creating bean with name 'buttonService': Injection of autowired dependencies failed; nested exception is org.springframework.beans.factory.BeanCreationException: Could not autowire field: private com.ymt.pz365.framework.weixin.service.WeixinService com.ymt.pz365.framework.weixin.service.impl.ButtonServiceImpl.weixinService; nested exception is org.springframework.beans.factory.BeanCreationException: Error creating bean with name 'weixinService': Injection of autowired dependencies failed; nested exception is org.springframework.beans.factory.BeanCreationException: Could not autowire field: private java.lang.String com.ymt.pz365.framework.weixin.service.impl.WeixinServiceImpl.appId; nested exception is java.lang.IllegalArgumentException: Could not resolve placeholder 'weixin.app.id' in string value "${weixin.app.id}"
	at org.springframework.beans.factory.annotation.AutowiredAnnotationBeanPostProcessor.postProcessPropertyValues(AutowiredAnnotationBeanPostProcessor.java:334)
	at org.springframework.beans.factory.support.AbstractAutowireCapableBeanFactory.populateBean(AbstractAutowireCapableBeanFactory.java:1214)
	at org.springframework.beans.factory.support.AbstractAutowireCapableBeanFactory.doCreateBean(AbstractAutowireCapableBeanFactory.java:543)
	at org.springframework.beans.factory.support.AbstractAutowireCapableBeanFactory.createBean(AbstractAutowireCapableBeanFactory.java:482)
	at org.springframework.beans.factory.support.AbstractBeanFactory$1.getObject(AbstractBeanFactory.java:306)
	at org.springframework.beans.factory.support.DefaultSingletonBeanRegistry.getSingleton(DefaultSingletonBeanRegistry.java:230)
	at org.springframework.beans.factory.support.AbstractBeanFactory.doGetBean(AbstractBeanFactory.java:302)
	at org.springframework.beans.factory.support.AbstractBeanFactory.getBean(AbstractBeanFactory.java:197)
	at org.springframework.beans.factory.support.DefaultListableBeanFactory.preInstantiateSingletons(DefaultListableBeanFactory.java:772)
	at org.springframework.context.support.AbstractApplicationContext.finishBeanFactoryInitialization(AbstractApplicationContext.java:839)
	at org.springframework.context.support.AbstractApplicationContext.refresh(AbstractApplicationContext.java:538)
	at org.springframework.boot.context.embedded.EmbeddedWebApplicationContext.refresh(EmbeddedWebApplicationContext.java:118)
	at org.springframework.boot.SpringApplication.refresh(SpringApplication.java:766)
	at org.springframework.boot.SpringApplication.createAndRefreshContext(SpringApplication.java:361)
	at org.springframework.boot.SpringApplication.run(SpringApplication.java:307)
	at com.ymt.pz365.framework.core.utils.SpringBoot.start(SpringBoot.java:29)
	at com.ymt.HdcyWeixinApplication2.main(HdcyWeixinApplication2.java:23)
Caused by: org.springframework.beans.factory.BeanCreationException: Could not autowire field: private com.ymt.pz365.framework.weixin.service.WeixinService com.ymt.pz365.framework.weixin.service.impl.ButtonServiceImpl.weixinService; nested exception is org.springframework.beans.factory.BeanCreationException: Error creating bean with name 'weixinService': Injection of autowired dependencies failed; nested exception is org.springframework.beans.factory.BeanCreationException: Could not autowire field: private java.lang.String com.ymt.pz365.framework.weixin.service.impl.WeixinServiceImpl.appId; nested exception is java.lang.IllegalArgumentException: Could not resolve placeholder 'weixin.app.id' in string value "${weixin.app.id}"
	at org.springframework.beans.factory.annotation.AutowiredAnnotationBeanPostProcessor$AutowiredFieldElement.inject(AutowiredAnnotationBeanPostProcessor.java:573)
	at org.springframework.beans.factory.annotation.InjectionMetadata.inject(InjectionMetadata.java:88)
	at org.springframework.beans.factory.annotation.AutowiredAnnotationBeanPostProcessor.postProcessPropertyValues(AutowiredAnnotationBeanPostProcessor.java:331)
	... 16 common frames omitted
Caused by: org.springframework.beans.factory.BeanCreationException: Error creating bean with name 'weixinService': Injection of autowired dependencies failed; nested exception is org.springframework.beans.factory.BeanCreationException: Could not autowire field: private java.lang.String com.ymt.pz365.framework.weixin.service.impl.WeixinServiceImpl.appId; nested exception is java.lang.IllegalArgumentException: Could not resolve placeholder 'weixin.app.id' in string value "${weixin.app.id}"
	at org.springframework.beans.factory.annotation.AutowiredAnnotationBeanPostProcessor.postProcessPropertyValues(AutowiredAnnotationBeanPostProcessor.java:334)
	at org.springframework.beans.factory.support.AbstractAutowireCapableBeanFactory.populateBean(AbstractAutowireCapableBeanFactory.java:1214)
	at org.springframework.beans.factory.support.AbstractAutowireCapableBeanFactory.doCreateBean(AbstractAutowireCapableBeanFactory.java:543)
	at org.springframework.beans.factory.support.AbstractAutowireCapableBeanFactory.createBean(AbstractAutowireCapableBeanFactory.java:482)
	at org.springframework.beans.factory.support.AbstractBeanFactory$1.getObject(AbstractBeanFactory.java:306)
	at org.springframework.beans.factory.support.DefaultSingletonBeanRegistry.getSingleton(DefaultSingletonBeanRegistry.java:230)
	at org.springframework.beans.factory.support.AbstractBeanFactory.doGetBean(AbstractBeanFactory.java:302)
	at org.springframework.beans.factory.support.AbstractBeanFactory.getBean(AbstractBeanFactory.java:197)
	at org.springframework.beans.factory.support.DefaultListableBeanFactory.findAutowireCandidates(DefaultListableBeanFactory.java:1192)
	at org.springframework.beans.factory.support.DefaultListableBeanFactory.doResolveDependency(DefaultListableBeanFactory.java:1116)
	at org.springframework.beans.factory.support.DefaultListableBeanFactory.resolveDependency(DefaultListableBeanFactory.java:1014)
	at org.springframework.beans.factory.annotation.AutowiredAnnotationBeanPostProcessor$AutowiredFieldElement.inject(AutowiredAnnotationBeanPostProcessor.java:545)
	... 18 common frames omitted
Caused by: org.springframework.beans.factory.BeanCreationException: Could not autowire field: private java.lang.String com.ymt.pz365.framework.weixin.service.impl.WeixinServiceImpl.appId; nested exception is java.lang.IllegalArgumentException: Could not resolve placeholder 'weixin.app.id' in string value "${weixin.app.id}"
	at org.springframework.beans.factory.annotation.AutowiredAnnotationBeanPostProcessor$AutowiredFieldElement.inject(AutowiredAnnotationBeanPostProcessor.java:573)
	at org.springframework.beans.factory.annotation.InjectionMetadata.inject(InjectionMetadata.java:88)
	at org.springframework.beans.factory.annotation.AutowiredAnnotationBeanPostProcessor.postProcessPropertyValues(AutowiredAnnotationBeanPostProcessor.java:331)
	... 29 common frames omitted
Caused by: java.lang.IllegalArgumentException: Could not resolve placeholder 'weixin.app.id' in string value "${weixin.app.id}"
	at org.springframework.util.PropertyPlaceholderHelper.parseStringValue(PropertyPlaceholderHelper.java:174)
	at org.springframework.util.PropertyPlaceholderHelper.replacePlaceholders(PropertyPlaceholderHelper.java:126)
	at org.springframework.core.env.AbstractPropertyResolver.doResolvePlaceholders(AbstractPropertyResolver.java:204)
	at org.springframework.core.env.AbstractPropertyResolver.resolveRequiredPlaceholders(AbstractPropertyResolver.java:178)
	at org.springframework.context.support.PropertySourcesPlaceholderConfigurer$2.resolveStringValue(PropertySourcesPlaceholderConfigurer.java:172)
	at org.springframework.beans.factory.support.AbstractBeanFactory.resolveEmbeddedValue(AbstractBeanFactory.java:808)
	at org.springframework.beans.factory.support.DefaultListableBeanFactory.doResolveDependency(DefaultListableBeanFactory.java:1027)
	at org.springframework.beans.factory.support.DefaultListableBeanFactory.resolveDependency(DefaultListableBeanFactory.java:1014)
	at org.springframework.beans.factory.annotation.AutowiredAnnotationBeanPostProcessor$AutowiredFieldElement.inject(AutowiredAnnotationBeanPostProcessor.java:545)
	... 31 common frames omitted
2016-09-26 12:19:56.348 [main] WARN  org.springframework.boot.SpringApplication:91 - Error handling failed (Error creating bean with name 'delegatingApplicationListener' defined in class path resource [org/springframework/security/config/annotation/web/configuration/WebSecurityConfiguration.class]: BeanPostProcessor before instantiation of bean failed; nested exception is org.springframework.beans.factory.BeanCreationException: Error creating bean with name 'org.springframework.cache.annotation.ProxyCachingConfiguration': Initialization of bean failed; nested exception is org.springframework.beans.factory.NoSuchBeanDefinitionException: No bean named 'org.springframework.context.annotation.ConfigurationClassPostProcessor.importRegistry' is defined)
2016-09-26 12:24:24.504 [main] INFO  com.ymt.HdcyWeixinApplication2:48 - Starting HdcyWeixinApplication2 on WIN8-1609011601 with PID 4044 (D:\work\hdcy-server\car2-weixin2\target\classes started by Administrator in D:\work\hdcy-server\car2-weixin2)
2016-09-26 12:24:24.598 [main] INFO  com.ymt.HdcyWeixinApplication2:670 - The following profiles are active: --spring.output.ansi.enabled=always
2016-09-26 12:24:24.816 [background-preinit] INFO  org.hibernate.validator.internal.util.Version:30 - HV000001: Hibernate Validator 5.2.4.Final
2016-09-26 12:24:24.866 [main] INFO  o.s.b.c.e.AnnotationConfigEmbeddedWebApplicationContext:578 - Refreshing org.springframework.boot.context.embedded.AnnotationConfigEmbeddedWebApplicationContext@4fb61f4a: startup date [Mon Sep 26 12:24:24 CST 2016]; root of context hierarchy
2016-09-26 12:24:31.611 [main] INFO  o.s.b.factory.support.DefaultListableBeanFactory:839 - Overriding bean definition for bean 'beanNameViewResolver' with a different definition: replacing [Root bean: class [null]; scope=; abstract=false; lazyInit=false; autowireMode=3; dependencyCheck=0; autowireCandidate=true; primary=false; factoryBeanName=org.springframework.boot.autoconfigure.web.ErrorMvcAutoConfiguration$WhitelabelErrorViewConfiguration; factoryMethodName=beanNameViewResolver; initMethodName=null; destroyMethodName=(inferred); defined in class path resource [org/springframework/boot/autoconfigure/web/ErrorMvcAutoConfiguration$WhitelabelErrorViewConfiguration.class]] with [Root bean: class [null]; scope=; abstract=false; lazyInit=false; autowireMode=3; dependencyCheck=0; autowireCandidate=true; primary=false; factoryBeanName=org.springframework.boot.autoconfigure.web.WebMvcAutoConfiguration$WebMvcAutoConfigurationAdapter; factoryMethodName=beanNameViewResolver; initMethodName=null; destroyMethodName=(inferred); defined in class path resource [org/springframework/boot/autoconfigure/web/WebMvcAutoConfiguration$WebMvcAutoConfigurationAdapter.class]]
2016-09-26 12:24:33.597 [main] INFO  o.s.c.s.PostProcessorRegistrationDelegate$BeanPostProcessorChecker:328 - Bean 'org.springframework.transaction.annotation.ProxyTransactionManagementConfiguration' of type [class org.springframework.transaction.annotation.ProxyTransactionManagementConfiguration$$EnhancerBySpringCGLIB$$ddbfcfb5] is not eligible for getting processed by all BeanPostProcessors (for example: not eligible for auto-proxying)
2016-09-26 12:24:33.676 [main] INFO  o.s.c.s.PostProcessorRegistrationDelegate$BeanPostProcessorChecker:328 - Bean 'org.springframework.cache.annotation.ProxyCachingConfiguration' of type [class org.springframework.cache.annotation.ProxyCachingConfiguration$$EnhancerBySpringCGLIB$$451d9a13] is not eligible for getting processed by all BeanPostProcessors (for example: not eligible for auto-proxying)
2016-09-26 12:24:33.722 [main] INFO  o.s.c.s.PostProcessorRegistrationDelegate$BeanPostProcessorChecker:328 - Bean 'org.springframework.boot.autoconfigure.cache.CacheAutoConfiguration' of type [class org.springframework.boot.autoconfigure.cache.CacheAutoConfiguration$$EnhancerBySpringCGLIB$$7f459a37] is not eligible for getting processed by all BeanPostProcessors (for example: not eligible for auto-proxying)
2016-09-26 12:24:34.034 [main] INFO  o.s.c.s.PostProcessorRegistrationDelegate$BeanPostProcessorChecker:328 - Bean 'spring.cache.CONFIGURATION_PROPERTIES' of type [class org.springframework.boot.autoconfigure.cache.CacheProperties] is not eligible for getting processed by all BeanPostProcessors (for example: not eligible for auto-proxying)
2016-09-26 12:24:34.053 [main] INFO  o.s.c.s.PostProcessorRegistrationDelegate$BeanPostProcessorChecker:328 - Bean 'org.springframework.boot.autoconfigure.cache.CacheManagerCustomizers' of type [class org.springframework.boot.autoconfigure.cache.CacheManagerCustomizers] is not eligible for getting processed by all BeanPostProcessors (for example: not eligible for auto-proxying)
2016-09-26 12:24:34.055 [main] INFO  o.s.c.s.PostProcessorRegistrationDelegate$BeanPostProcessorChecker:328 - Bean 'org.springframework.boot.autoconfigure.cache.SimpleCacheConfiguration' of type [class org.springframework.boot.autoconfigure.cache.SimpleCacheConfiguration$$EnhancerBySpringCGLIB$$f0044f8] is not eligible for getting processed by all BeanPostProcessors (for example: not eligible for auto-proxying)
2016-09-26 12:24:34.165 [main] INFO  o.s.c.s.PostProcessorRegistrationDelegate$BeanPostProcessorChecker:328 - Bean 'cacheManager' of type [class org.springframework.cache.concurrent.ConcurrentMapCacheManager] is not eligible for getting processed by all BeanPostProcessors (for example: not eligible for auto-proxying)
2016-09-26 12:24:34.169 [main] INFO  o.s.c.s.PostProcessorRegistrationDelegate$BeanPostProcessorChecker:328 - Bean 'cacheAutoConfigurationValidator' of type [class org.springframework.boot.autoconfigure.cache.CacheAutoConfiguration$CacheManagerValidator] is not eligible for getting processed by all BeanPostProcessors (for example: not eligible for auto-proxying)
2016-09-26 12:24:35.216 [main] INFO  o.s.b.c.e.tomcat.TomcatEmbeddedServletContainer:81 - Tomcat initialized with port(s): 8080 (http)
2016-09-26 12:24:35.270 [main] INFO  org.apache.catalina.core.StandardService:180 - Starting service Tomcat
2016-09-26 12:24:35.273 [main] INFO  org.apache.catalina.core.StandardEngine:180 - Starting Servlet Engine: Apache Tomcat/8.0.32
2016-09-26 12:24:36.428 [localhost-startStop-1] INFO  o.a.c.core.ContainerBase.[Tomcat].[localhost].[/]:180 - Initializing Spring embedded WebApplicationContext
2016-09-26 12:24:36.432 [localhost-startStop-1] INFO  org.springframework.web.context.ContextLoader:272 - Root WebApplicationContext: initialization completed in 11566 ms
2016-09-26 12:24:38.062 [localhost-startStop-1] INFO  o.s.boot.context.embedded.FilterRegistrationBean:258 - Mapping filter: 'characterEncodingFilter' to: [/*]
2016-09-26 12:24:38.064 [localhost-startStop-1] INFO  o.s.boot.context.embedded.FilterRegistrationBean:258 - Mapping filter: 'hiddenHttpMethodFilter' to: [/*]
2016-09-26 12:24:38.071 [localhost-startStop-1] INFO  o.s.boot.context.embedded.FilterRegistrationBean:258 - Mapping filter: 'httpPutFormContentFilter' to: [/*]
2016-09-26 12:24:38.076 [localhost-startStop-1] INFO  o.s.boot.context.embedded.FilterRegistrationBean:258 - Mapping filter: 'requestContextFilter' to: [/*]
2016-09-26 12:24:38.081 [localhost-startStop-1] INFO  o.s.b.c.e.DelegatingFilterProxyRegistrationBean:258 - Mapping filter: 'springSecurityFilterChain' to: [/*]
2016-09-26 12:24:38.082 [localhost-startStop-1] INFO  o.s.boot.context.embedded.FilterRegistrationBean:227 - Filter httpPutFormContentFilter was not registered (possibly already registered?)
2016-09-26 12:24:38.083 [localhost-startStop-1] INFO  o.s.boot.context.embedded.ServletRegistrationBean:189 - Mapping servlet: 'dispatcherServlet' to [/]
2016-09-26 12:24:44.748 [localhost-startStop-1] INFO  o.s.orm.jpa.LocalContainerEntityManagerFactoryBean:339 - Building JPA container EntityManagerFactory for persistence unit 'default'
2016-09-26 12:24:44.933 [localhost-startStop-1] INFO  org.hibernate.jpa.internal.util.LogHelper:46 - HHH000204: Processing PersistenceUnitInfo [
	name: default
	...]
2016-09-26 12:24:45.712 [localhost-startStop-1] INFO  org.hibernate.Version:54 - HHH000412: Hibernate Core {4.3.11.Final}
2016-09-26 12:24:45.719 [localhost-startStop-1] INFO  org.hibernate.cfg.Environment:239 - HHH000206: hibernate.properties not found
2016-09-26 12:24:45.724 [localhost-startStop-1] INFO  org.hibernate.cfg.Environment:346 - HHH000021: Bytecode provider name : javassist
2016-09-26 12:24:46.802 [localhost-startStop-1] INFO  org.hibernate.annotations.common.Version:66 - HCANN000001: Hibernate Commons Annotations {4.0.5.Final}
2016-09-26 12:24:47.471 [localhost-startStop-1] INFO  org.hibernate.dialect.Dialect:145 - HHH000400: Using dialect: org.hibernate.dialect.MySQL5Dialect
2016-09-26 12:24:48.257 [localhost-startStop-1] INFO  o.h.hql.internal.ast.ASTQueryTranslatorFactory:47 - HHH000397: Using ASTQueryTranslatorFactory
2016-09-26 12:24:49.834 [localhost-startStop-1] INFO  org.hibernate.tool.hbm2ddl.SchemaUpdate:207 - HHH000228: Running hbm2ddl schema update
2016-09-26 12:24:49.835 [localhost-startStop-1] INFO  org.hibernate.tool.hbm2ddl.SchemaUpdate:218 - HHH000102: Fetching database metadata
2016-09-26 12:24:49.841 [localhost-startStop-1] INFO  org.hibernate.tool.hbm2ddl.SchemaUpdate:230 - HHH000396: Updating schema
2016-09-26 12:24:49.997 [localhost-startStop-1] INFO  org.hibernate.tool.hbm2ddl.TableMetadata:65 - HHH000261: Table found: haoduocheyou.pz_activity
2016-09-26 12:24:49.998 [localhost-startStop-1] INFO  org.hibernate.tool.hbm2ddl.TableMetadata:66 - HHH000037: Columns: [pz_contact_phone, pz_pz_id, pz_sign_start_time, pz_price, pz_contact_weixin, pz_sign_end_time, pz_customer_service_id, pz_people_limit]
2016-09-26 12:24:49.999 [localhost-startStop-1] INFO  org.hibernate.tool.hbm2ddl.TableMetadata:68 - HHH000108: Foreign keys: [fk_gdywt4opdajuq226l174t5o32, fk_6g6ijis87hrqv9o1qgajk4btu]
2016-09-26 12:24:50.000 [localhost-startStop-1] INFO  org.hibernate.tool.hbm2ddl.TableMetadata:69 - HHH000126: Indexes: [primary, fk_6g6ijis87hrqv9o1qgajk4btu]
2016-09-26 12:24:50.137 [localhost-startStop-1] INFO  org.hibernate.tool.hbm2ddl.TableMetadata:65 - HHH000261: Table found: haoduocheyou.pz_activity_images
2016-09-26 12:24:50.142 [localhost-startStop-1] INFO  org.hibernate.tool.hbm2ddl.TableMetadata:66 - HHH000037: Columns: [pz_images, pz_activity_id]
2016-09-26 12:24:50.143 [localhost-startStop-1] INFO  org.hibernate.tool.hbm2ddl.TableMetadata:68 - HHH000108: Foreign keys: [fk_a0phyo9r6gwyjicdtririicic]
2016-09-26 12:24:50.144 [localhost-startStop-1] INFO  org.hibernate.tool.hbm2ddl.TableMetadata:69 - HHH000126: Indexes: [fk_a0phyo9r6gwyjicdtririicic]
2016-09-26 12:24:50.249 [localhost-startStop-1] INFO  org.hibernate.tool.hbm2ddl.TableMetadata:65 - HHH000261: Table found: haoduocheyou.pz_activity_participator
2016-09-26 12:24:50.251 [localhost-startStop-1] INFO  org.hibernate.tool.hbm2ddl.TableMetadata:66 - HHH000037: Columns: [pz_pz_id, pz_message, pz_activity_id]
2016-09-26 12:24:50.252 [localhost-startStop-1] INFO  org.hibernate.tool.hbm2ddl.TableMetadata:68 - HHH000108: Foreign keys: [fk_maq6d0k9vtctrd5j4ksvfng8r, fk_5kwk9fhgurphdwhdklg17rrqd]
2016-09-26 12:24:50.253 [localhost-startStop-1] INFO  org.hibernate.tool.hbm2ddl.TableMetadata:69 - HHH000126: Indexes: [fk_maq6d0k9vtctrd5j4ksvfng8r, primary]
2016-09-26 12:24:50.424 [localhost-startStop-1] INFO  org.hibernate.tool.hbm2ddl.TableMetadata:65 - HHH000261: Table found: haoduocheyou.pz_article
2016-09-26 12:24:50.425 [localhost-startStop-1] INFO  org.hibernate.tool.hbm2ddl.TableMetadata:66 - HHH000037: Columns: [pz_content, pz_enable_date, pz_top, pz_modify_time, pz_image2, pz_read_count, pz_created_time, pz_business, pz_principal, pz_title, pz_enabled, pz_id, pz_image, pz_comment, pz_enable]
2016-09-26 12:24:50.426 [localhost-startStop-1] INFO  org.hibernate.tool.hbm2ddl.TableMetadata:68 - HHH000108: Foreign keys: []
2016-09-26 12:24:50.427 [localhost-startStop-1] INFO  org.hibernate.tool.hbm2ddl.TableMetadata:69 - HHH000126: Indexes: [primary]
2016-09-26 12:24:50.483 [localhost-startStop-1] INFO  org.hibernate.tool.hbm2ddl.TableMetadata:65 - HHH000261: Table found: haoduocheyou.pz_article_tag
2016-09-26 12:24:50.485 [localhost-startStop-1] INFO  org.hibernate.tool.hbm2ddl.TableMetadata:66 - HHH000037: Columns: [pz_id, pz_modify_time, pz_created_time, pz_tag_id, pz_target_id]
2016-09-26 12:24:50.486 [localhost-startStop-1] INFO  org.hibernate.tool.hbm2ddl.TableMetadata:68 - HHH000108: Foreign keys: [fk_9yf5je431dws7obpcycr8ax5n, fk_mqmsmj48q7autdnbqelb6l4he]
2016-09-26 12:24:50.487 [localhost-startStop-1] INFO  org.hibernate.tool.hbm2ddl.TableMetadata:69 - HHH000126: Indexes: [fk_9yf5je431dws7obpcycr8ax5n, fk_mqmsmj48q7autdnbqelb6l4he, primary]
2016-09-26 12:24:50.571 [localhost-startStop-1] INFO  org.hibernate.tool.hbm2ddl.TableMetadata:65 - HHH000261: Table found: haoduocheyou.pz_button
2016-09-26 12:24:50.572 [localhost-startStop-1] INFO  org.hibernate.tool.hbm2ddl.TableMetadata:66 - HHH000037: Columns: [pz_id, pz_full_id, pz_type, pz_level, pz_parent_id, pz_modify_time, pz_name, pz_url, pz_created_time, pz_index]
2016-09-26 12:24:50.574 [localhost-startStop-1] INFO  org.hibernate.tool.hbm2ddl.TableMetadata:68 - HHH000108: Foreign keys: [fk_tfyeycdch00bxjdk8qcvrvoc7]
2016-09-26 12:24:50.575 [localhost-startStop-1] INFO  org.hibernate.tool.hbm2ddl.TableMetadata:69 - HHH000126: Indexes: [fk_tfyeycdch00bxjdk8qcvrvoc7, primary]
2016-09-26 12:24:50.609 [localhost-startStop-1] INFO  org.hibernate.tool.hbm2ddl.TableMetadata:65 - HHH000261: Table found: haoduocheyou.pz_car
2016-09-26 12:24:50.610 [localhost-startStop-1] INFO  org.hibernate.tool.hbm2ddl.TableMetadata:66 - HHH000037: Columns: [pz_id, pz_modify_time, pz_name, pz_letter, pz_created_time, pz_index]
2016-09-26 12:24:50.611 [localhost-startStop-1] INFO  org.hibernate.tool.hbm2ddl.TableMetadata:68 - HHH000108: Foreign keys: []
2016-09-26 12:24:50.612 [localhost-startStop-1] INFO  org.hibernate.tool.hbm2ddl.TableMetadata:69 - HHH000126: Indexes: [primary]
2016-09-26 12:24:50.647 [localhost-startStop-1] INFO  org.hibernate.tool.hbm2ddl.TableMetadata:65 - HHH000261: Table found: haoduocheyou.pz_comment
2016-09-26 12:24:50.648 [localhost-startStop-1] INFO  org.hibernate.tool.hbm2ddl.TableMetadata:66 - HHH000037: Columns: [pz_content, pz_comment_id, pz_praise_count, pz_modify_time, pz_target, pz_created_time, pz_target_id, pz_creater_headimgurl, pz_id, pz_praise, pz_reply_to_user_id, pz_creater_id, pz_creater_desc, pz_reply_to_id, pz_reply_to_name, pz_creater_name]
2016-09-26 12:24:50.649 [localhost-startStop-1] INFO  org.hibernate.tool.hbm2ddl.TableMetadata:68 - HHH000108: Foreign keys: [fk_5myok8xp8oudqwuvkqmx8dhie]
2016-09-26 12:24:50.650 [localhost-startStop-1] INFO  org.hibernate.tool.hbm2ddl.TableMetadata:69 - HHH000126: Indexes: [fk_5myok8xp8oudqwuvkqmx8dhie, primary]
2016-09-26 12:24:50.684 [localhost-startStop-1] INFO  org.hibernate.tool.hbm2ddl.TableMetadata:65 - HHH000261: Table found: haoduocheyou.pz_contrary
2016-09-26 12:24:50.685 [localhost-startStop-1] INFO  org.hibernate.tool.hbm2ddl.TableMetadata:66 - HHH000037: Columns: [pz_red_button, pz_pz_id, pz_red_count, pz_blue_count, pz_blue, pz_red, pz_blue_button]
2016-09-26 12:24:50.686 [localhost-startStop-1] INFO  org.hibernate.tool.hbm2ddl.TableMetadata:68 - HHH000108: Foreign keys: [fk_57sykxf67u3lpxk81ihyyq44p]
2016-09-26 12:24:50.687 [localhost-startStop-1] INFO  org.hibernate.tool.hbm2ddl.TableMetadata:69 - HHH000126: Indexes: [primary]
2016-09-26 12:24:50.716 [localhost-startStop-1] INFO  org.hibernate.tool.hbm2ddl.TableMetadata:65 - HHH000261: Table found: haoduocheyou.pz_contrary_participator
2016-09-26 12:24:50.718 [localhost-startStop-1] INFO  org.hibernate.tool.hbm2ddl.TableMetadata:66 - HHH000037: Columns: [pz_pz_id, pz_content, pz_contrary_id, pz_red, pz_state]
2016-09-26 12:24:50.719 [localhost-startStop-1] INFO  org.hibernate.tool.hbm2ddl.TableMetadata:68 - HHH000108: Foreign keys: [fk_2oaji2wsfwf3b7suw8hntjo0v, fk_piriejy59lbvg17h5mp4nx15n]
2016-09-26 12:24:50.719 [localhost-startStop-1] INFO  org.hibernate.tool.hbm2ddl.TableMetadata:69 - HHH000126: Indexes: [fk_2oaji2wsfwf3b7suw8hntjo0v, primary]
2016-09-26 12:24:50.754 [localhost-startStop-1] INFO  org.hibernate.tool.hbm2ddl.TableMetadata:65 - HHH000261: Table found: haoduocheyou.pz_customer_service
2016-09-26 12:24:50.755 [localhost-startStop-1] INFO  org.hibernate.tool.hbm2ddl.TableMetadata:66 - HHH000037: Columns: [pz_id, pz_image, pz_modify_time, pz_name, pz_phone, pz_created_time]
2016-09-26 12:24:50.756 [localhost-startStop-1] INFO  org.hibernate.tool.hbm2ddl.TableMetadata:68 - HHH000108: Foreign keys: []
2016-09-26 12:24:50.758 [localhost-startStop-1] INFO  org.hibernate.tool.hbm2ddl.TableMetadata:69 - HHH000126: Indexes: [primary]
2016-09-26 12:24:50.795 [localhost-startStop-1] INFO  org.hibernate.tool.hbm2ddl.TableMetadata:65 - HHH000261: Table found: haoduocheyou.pz_gift
2016-09-26 12:24:50.797 [localhost-startStop-1] INFO  org.hibernate.tool.hbm2ddl.TableMetadata:66 - HHH000037: Columns: [pz_stock, pz_id, pz_desc, pz_modify_time, pz_name, pz_used, pz_created_time, pz_point]
2016-09-26 12:24:50.798 [localhost-startStop-1] INFO  org.hibernate.tool.hbm2ddl.TableMetadata:68 - HHH000108: Foreign keys: []
2016-09-26 12:24:50.799 [localhost-startStop-1] INFO  org.hibernate.tool.hbm2ddl.TableMetadata:69 - HHH000126: Indexes: [primary]
2016-09-26 12:24:50.835 [localhost-startStop-1] INFO  org.hibernate.tool.hbm2ddl.TableMetadata:65 - HHH000261: Table found: haoduocheyou.pz_gift_images
2016-09-26 12:24:50.837 [localhost-startStop-1] INFO  org.hibernate.tool.hbm2ddl.TableMetadata:66 - HHH000037: Columns: [pz_gift_id, pz_images]
2016-09-26 12:24:50.838 [localhost-startStop-1] INFO  org.hibernate.tool.hbm2ddl.TableMetadata:68 - HHH000108: Foreign keys: [fk_8jhaeo4r0gwsxqyjdpmnlwy5o]
2016-09-26 12:24:50.838 [localhost-startStop-1] INFO  org.hibernate.tool.hbm2ddl.TableMetadata:69 - HHH000126: Indexes: [fk_8jhaeo4r0gwsxqyjdpmnlwy5o]
2016-09-26 12:24:50.953 [localhost-startStop-1] INFO  org.hibernate.tool.hbm2ddl.TableMetadata:65 - HHH000261: Table found: haoduocheyou.pz_key_word
2016-09-26 12:24:50.954 [localhost-startStop-1] INFO  org.hibernate.tool.hbm2ddl.TableMetadata:66 - HHH000037: Columns: [pz_id, pz_modify_time, pz_created_time, pz_key_word]
2016-09-26 12:24:50.964 [localhost-startStop-1] INFO  org.hibernate.tool.hbm2ddl.TableMetadata:68 - HHH000108: Foreign keys: []
2016-09-26 12:24:50.968 [localhost-startStop-1] INFO  org.hibernate.tool.hbm2ddl.TableMetadata:69 - HHH000126: Indexes: [primary]
2016-09-26 12:24:51.099 [localhost-startStop-1] INFO  org.hibernate.tool.hbm2ddl.TableMetadata:65 - HHH000261: Table found: haoduocheyou.pz_leader
2016-09-26 12:24:51.102 [localhost-startStop-1] INFO  org.hibernate.tool.hbm2ddl.TableMetadata:66 - HHH000037: Columns: [pz_top_image, pz_top, pz_user_id, pz_id, pz_intro, pz_modify_time, pz_approve_date, pz_status, pz_created_time, pz_top_index]
2016-09-26 12:24:51.103 [localhost-startStop-1] INFO  org.hibernate.tool.hbm2ddl.TableMetadata:68 - HHH000108: Foreign keys: [fk_jfxtw83fgdg4icsbynt4jaggv]
2016-09-26 12:24:51.104 [localhost-startStop-1] INFO  org.hibernate.tool.hbm2ddl.TableMetadata:69 - HHH000126: Indexes: [fk_jfxtw83fgdg4icsbynt4jaggv, primary]
2016-09-26 12:24:51.154 [localhost-startStop-1] INFO  org.hibernate.tool.hbm2ddl.TableMetadata:65 - HHH000261: Table found: haoduocheyou.pz_level
2016-09-26 12:24:51.155 [localhost-startStop-1] INFO  org.hibernate.tool.hbm2ddl.TableMetadata:66 - HHH000037: Columns: [pz_id, pz_modify_time, pz_name, pz_created_time, pz_point]
2016-09-26 12:24:51.156 [localhost-startStop-1] INFO  org.hibernate.tool.hbm2ddl.TableMetadata:68 - HHH000108: Foreign keys: []
2016-09-26 12:24:51.158 [localhost-startStop-1] INFO  org.hibernate.tool.hbm2ddl.TableMetadata:69 - HHH000126: Indexes: [primary]
2016-09-26 12:24:51.214 [localhost-startStop-1] INFO  org.hibernate.tool.hbm2ddl.TableMetadata:65 - HHH000261: Table found: haoduocheyou.pz_lottery
2016-09-26 12:24:51.217 [localhost-startStop-1] INFO  org.hibernate.tool.hbm2ddl.TableMetadata:66 - HHH000037: Columns: [pz_pz_id, pz_id, pz_desc, pz_name, pz_rule, pz_gifts, pz_limit2, pz_expired_date, pz_created_time, pz_limit1, pz_limit]
2016-09-26 12:24:51.218 [localhost-startStop-1] INFO  org.hibernate.tool.hbm2ddl.TableMetadata:68 - HHH000108: Foreign keys: []
2016-09-26 12:24:51.220 [localhost-startStop-1] INFO  org.hibernate.tool.hbm2ddl.TableMetadata:69 - HHH000126: Indexes: [primary]
2016-09-26 12:24:51.256 [localhost-startStop-1] INFO  org.hibernate.tool.hbm2ddl.TableMetadata:65 - HHH000261: Table found: haoduocheyou.pz_lottery_history
2016-09-26 12:24:51.257 [localhost-startStop-1] INFO  org.hibernate.tool.hbm2ddl.TableMetadata:66 - HHH000037: Columns: [pz_id, pz_win, pz_modify_time, pz_prize, pz_participator_id, pz_created_time]
2016-09-26 12:24:51.258 [localhost-startStop-1] INFO  org.hibernate.tool.hbm2ddl.TableMetadata:68 - HHH000108: Foreign keys: [fk_ekkfa1iehfpwcx8lvra808clj]
2016-09-26 12:24:51.259 [localhost-startStop-1] INFO  org.hibernate.tool.hbm2ddl.TableMetadata:69 - HHH000126: Indexes: [fk_ekkfa1iehfpwcx8lvra808clj, primary]
2016-09-26 12:24:51.285 [localhost-startStop-1] INFO  org.hibernate.tool.hbm2ddl.TableMetadata:65 - HHH000261: Table found: haoduocheyou.pz_lottery_participator
2016-09-26 12:24:51.286 [localhost-startStop-1] INFO  org.hibernate.tool.hbm2ddl.TableMetadata:66 - HHH000037: Columns: [pz_pz_id, pz_lottery_id, pz_win, pz_is_change, pz_prize]
2016-09-26 12:24:51.286 [localhost-startStop-1] INFO  org.hibernate.tool.hbm2ddl.TableMetadata:68 - HHH000108: Foreign keys: [fk_kx1fmdkfoda3h3gddte17fms0]
2016-09-26 12:24:51.287 [localhost-startStop-1] INFO  org.hibernate.tool.hbm2ddl.TableMetadata:69 - HHH000126: Indexes: [primary]
2016-09-26 12:24:51.320 [localhost-startStop-1] INFO  org.hibernate.tool.hbm2ddl.TableMetadata:65 - HHH000261: Table found: haoduocheyou.pz_lottery_prizes
2016-09-26 12:24:51.322 [localhost-startStop-1] INFO  org.hibernate.tool.hbm2ddl.TableMetadata:66 - HHH000037: Columns: [pz_prizes, pz_lottery_id, pz_count, pz_win, pz_name, pz_rate]
2016-09-26 12:24:51.323 [localhost-startStop-1] INFO  org.hibernate.tool.hbm2ddl.TableMetadata:68 - HHH000108: Foreign keys: [fk_4jipnnkgxvin07u9743osjmsk]
2016-09-26 12:24:51.325 [localhost-startStop-1] INFO  org.hibernate.tool.hbm2ddl.TableMetadata:69 - HHH000126: Indexes: [fk_4jipnnkgxvin07u9743osjmsk]
2016-09-26 12:24:51.363 [localhost-startStop-1] INFO  org.hibernate.tool.hbm2ddl.TableMetadata:65 - HHH000261: Table found: haoduocheyou.pz_param
2016-09-26 12:24:51.364 [localhost-startStop-1] INFO  org.hibernate.tool.hbm2ddl.TableMetadata:66 - HHH000037: Columns: [pz_code, pz_id, pz_modify_time, pz_name, pz_value, pz_system, pz_created_time, pz_index]
2016-09-26 12:24:51.365 [localhost-startStop-1] INFO  org.hibernate.tool.hbm2ddl.TableMetadata:68 - HHH000108: Foreign keys: []
2016-09-26 12:24:51.366 [localhost-startStop-1] INFO  org.hibernate.tool.hbm2ddl.TableMetadata:69 - HHH000126: Indexes: [primary]
2016-09-26 12:24:51.402 [localhost-startStop-1] INFO  org.hibernate.tool.hbm2ddl.TableMetadata:65 - HHH000261: Table found: haoduocheyou.pz_participation
2016-09-26 12:24:51.404 [localhost-startStop-1] INFO  org.hibernate.tool.hbm2ddl.TableMetadata:66 - HHH000037: Columns: [pz_top, pz_modify_time, pz_start_time, pz_end_time, pz_recommend, pz_weighting, pz_created_time, pz_finish, pz_sponsor_id, pz_id, pz_desc, pz_image, pz_type, pz_browseval, pz_name, pz_comment, pz_address, pz_hot, pz_enable, pz_fansval, pz_top_index]
2016-09-26 12:24:51.644 [localhost-startStop-1] INFO  org.hibernate.tool.hbm2ddl.TableMetadata:68 - HHH000108: Foreign keys: [fk_sgwx00u1e3s6dnjclprq4x7sj]
2016-09-26 12:24:51.646 [localhost-startStop-1] INFO  org.hibernate.tool.hbm2ddl.TableMetadata:69 - HHH000126: Indexes: [fk_sgwx00u1e3s6dnjclprq4x7sj, primary]
2016-09-26 12:24:51.707 [localhost-startStop-1] INFO  org.hibernate.tool.hbm2ddl.TableMetadata:65 - HHH000261: Table found: haoduocheyou.pz_participation_kwlist
2016-09-26 12:24:51.708 [localhost-startStop-1] INFO  org.hibernate.tool.hbm2ddl.TableMetadata:66 - HHH000037: Columns: [pz_participation_id, pz_kwlist_id]
2016-09-26 12:24:51.709 [localhost-startStop-1] INFO  org.hibernate.tool.hbm2ddl.TableMetadata:68 - HHH000108: Foreign keys: [fk_re2toaavjiornu812pxmx39tl, fk_kvwsum0ye9lp4gy7vyn98621h]
2016-09-26 12:24:51.711 [localhost-startStop-1] INFO  org.hibernate.tool.hbm2ddl.TableMetadata:69 - HHH000126: Indexes: [uk_re2toaavjiornu812pxmx39tl, fk_kvwsum0ye9lp4gy7vyn98621h]
2016-09-26 12:24:51.743 [localhost-startStop-1] INFO  org.hibernate.tool.hbm2ddl.TableMetadata:65 - HHH000261: Table found: haoduocheyou.pz_participator
2016-09-26 12:24:51.744 [localhost-startStop-1] INFO  org.hibernate.tool.hbm2ddl.TableMetadata:66 - HHH000037: Columns: [pz_user_id, pz_id, pz_modify_time, pz_created_time, pz_participation_id]
2016-09-26 12:24:51.745 [localhost-startStop-1] INFO  org.hibernate.tool.hbm2ddl.TableMetadata:68 - HHH000108: Foreign keys: [fk_qtwp2okch8mrsgau1j4a4d6px, fk_fpv8unrr5e0w8h49b4dob8ds6]
2016-09-26 12:24:51.746 [localhost-startStop-1] INFO  org.hibernate.tool.hbm2ddl.TableMetadata:69 - HHH000126: Indexes: [fk_qtwp2okch8mrsgau1j4a4d6px, fk_fpv8unrr5e0w8h49b4dob8ds6, primary]
2016-09-26 12:24:51.809 [localhost-startStop-1] INFO  org.hibernate.tool.hbm2ddl.TableMetadata:65 - HHH000261: Table found: haoduocheyou.pz_post
2016-09-26 12:24:51.811 [localhost-startStop-1] INFO  org.hibernate.tool.hbm2ddl.TableMetadata:66 - HHH000037: Columns: [pz_content, pz_creater_type, pz_praise_count, pz_modify_time, pz_images, pz_created_time, pz_container_type, pz_creater_headimgurl, pz_id, pz_praise, pz_comment, pz_container_id, pz_creater_id, pz_creater_name]
2016-09-26 12:24:51.812 [localhost-startStop-1] INFO  org.hibernate.tool.hbm2ddl.TableMetadata:68 - HHH000108: Foreign keys: []
2016-09-26 12:24:51.817 [localhost-startStop-1] INFO  org.hibernate.tool.hbm2ddl.TableMetadata:69 - HHH000126: Indexes: [primary]
2016-09-26 12:24:51.856 [localhost-startStop-1] INFO  org.hibernate.tool.hbm2ddl.TableMetadata:65 - HHH000261: Table found: haoduocheyou.pz_poster
2016-09-26 12:24:51.857 [localhost-startStop-1] INFO  org.hibernate.tool.hbm2ddl.TableMetadata:66 - HHH000037: Columns: [pz_qrcode_scale, pz_active_tip, pz_modify_time, pz_active_point, pz_key, pz_created_time, pz_head_scale, pz_id, pz_incircle_head, pz_only_new_user_add_point, pz_image, pz_generated_tip, pz_name, pz_active_url, pz_head_left, pz_head_top, pz_qrcode_top, pz_qrcode_left]
2016-09-26 12:24:51.858 [localhost-startStop-1] INFO  org.hibernate.tool.hbm2ddl.TableMetadata:68 - HHH000108: Foreign keys: []
2016-09-26 12:24:51.858 [localhost-startStop-1] INFO  org.hibernate.tool.hbm2ddl.TableMetadata:69 - HHH000126: Indexes: [primary]
2016-09-26 12:24:51.912 [localhost-startStop-1] INFO  org.hibernate.tool.hbm2ddl.TableMetadata:65 - HHH000261: Table found: haoduocheyou.pz_praise
2016-09-26 12:24:51.914 [localhost-startStop-1] INFO  org.hibernate.tool.hbm2ddl.TableMetadata:66 - HHH000037: Columns: [pz_id, pz_modify_time, pz_created_time, pz_creater_id, pz_target_id, pz_creater_name]
2016-09-26 12:24:51.914 [localhost-startStop-1] INFO  org.hibernate.tool.hbm2ddl.TableMetadata:68 - HHH000108: Foreign keys: []
2016-09-26 12:24:51.915 [localhost-startStop-1] INFO  org.hibernate.tool.hbm2ddl.TableMetadata:69 - HHH000126: Indexes: [primary]
2016-09-26 12:24:51.945 [localhost-startStop-1] INFO  org.hibernate.tool.hbm2ddl.TableMetadata:65 - HHH000261: Table found: haoduocheyou.pz_spider
2016-09-26 12:24:51.947 [localhost-startStop-1] INFO  org.hibernate.tool.hbm2ddl.TableMetadata:66 - HHH000037: Columns: [pz_id, pz_sex, pz_modify_time, pz_name, pz_age, pz_cardid, pz_created_time]
2016-09-26 12:24:51.949 [localhost-startStop-1] INFO  org.hibernate.tool.hbm2ddl.TableMetadata:68 - HHH000108: Foreign keys: []
2016-09-26 12:24:51.951 [localhost-startStop-1] INFO  org.hibernate.tool.hbm2ddl.TableMetadata:69 - HHH000126: Indexes: [primary]
2016-09-26 12:24:51.989 [localhost-startStop-1] INFO  org.hibernate.tool.hbm2ddl.TableMetadata:65 - HHH000261: Table found: haoduocheyou.pz_sponsor
2016-09-26 12:24:51.991 [localhost-startStop-1] INFO  org.hibernate.tool.hbm2ddl.TableMetadata:66 - HHH000037: Columns: [pz_id, pz_modify_time, pz_created_time, pz_sponsor, pz_sponsorurl]
2016-09-26 12:24:51.991 [localhost-startStop-1] INFO  org.hibernate.tool.hbm2ddl.TableMetadata:68 - HHH000108: Foreign keys: []
2016-09-26 12:24:51.992 [localhost-startStop-1] INFO  org.hibernate.tool.hbm2ddl.TableMetadata:69 - HHH000126: Indexes: [primary]
2016-09-26 12:24:52.025 [localhost-startStop-1] INFO  org.hibernate.tool.hbm2ddl.TableMetadata:65 - HHH000261: Table found: haoduocheyou.pz_tag
2016-09-26 12:24:52.026 [localhost-startStop-1] INFO  org.hibernate.tool.hbm2ddl.TableMetadata:66 - HHH000037: Columns: [pz_id, pz_full_id, pz_image, pz_desc, pz_modify_time, pz_level, pz_parent_id, pz_name, pz_hot, pz_created_time, pz_index]
2016-09-26 12:24:52.027 [localhost-startStop-1] INFO  org.hibernate.tool.hbm2ddl.TableMetadata:68 - HHH000108: Foreign keys: [fk_67ffinbq4dxayma05j85gggth]
2016-09-26 12:24:52.028 [localhost-startStop-1] INFO  org.hibernate.tool.hbm2ddl.TableMetadata:69 - HHH000126: Indexes: [fk_67ffinbq4dxayma05j85gggth, primary]
2016-09-26 12:24:52.056 [localhost-startStop-1] INFO  org.hibernate.tool.hbm2ddl.TableMetadata:65 - HHH000261: Table found: haoduocheyou.pz_taged
2016-09-26 12:24:52.057 [localhost-startStop-1] INFO  org.hibernate.tool.hbm2ddl.TableMetadata:66 - HHH000037: Columns: [pz_id, pz_modify_time, pz_target, pz_created_time, pz_tag_id, pz_target_id]
2016-09-26 12:24:52.058 [localhost-startStop-1] INFO  org.hibernate.tool.hbm2ddl.TableMetadata:68 - HHH000108: Foreign keys: [fk_q4bvct0uyd4sddknlppbnb8nr]
2016-09-26 12:24:52.059 [localhost-startStop-1] INFO  org.hibernate.tool.hbm2ddl.TableMetadata:69 - HHH000126: Indexes: [fk_q4bvct0uyd4sddknlppbnb8nr, primary]
2016-09-26 12:24:52.095 [localhost-startStop-1] INFO  org.hibernate.tool.hbm2ddl.TableMetadata:65 - HHH000261: Table found: haoduocheyou.pz_upload
2016-09-26 12:24:52.096 [localhost-startStop-1] INFO  org.hibernate.tool.hbm2ddl.TableMetadata:66 - HHH000037: Columns: [pz_content_type, pz_path, pz_id, pz_modify_time, pz_name, pz_created_time]
2016-09-26 12:24:52.098 [localhost-startStop-1] INFO  org.hibernate.tool.hbm2ddl.TableMetadata:68 - HHH000108: Foreign keys: []
2016-09-26 12:24:52.099 [localhost-startStop-1] INFO  org.hibernate.tool.hbm2ddl.TableMetadata:69 - HHH000126: Indexes: [primary]
2016-09-26 12:24:52.138 [localhost-startStop-1] INFO  org.hibernate.tool.hbm2ddl.TableMetadata:65 - HHH000261: Table found: haoduocheyou.pz_user
2016-09-26 12:24:52.139 [localhost-startStop-1] INFO  org.hibernate.tool.hbm2ddl.TableMetadata:66 - HHH000037: Columns: [pz_weixin_open_id, pz_country, pz_realname, pz_money, pz_age, pz_job, pz_mobile, pz_password, pz_participation_count, pz_headimgurl, pz_zhifubao, pz_city, pz_province, pz_id, pz_headimg_oss_url_for_incircle, pz_activity_apply_read_time, pz_address, pz_message_read_time, pz_car, pz_birthday, pz_friend_apply_read_time, pz_modify_time, pz_vip_expired, pz_group_apply_read_time, pz_nickname, pz_vip, pz_created_time, pz_point, pz_weixin_union_id, pz_sex, pz_subscribe, pz_tags, pz_weixin, pz_level, pz_username, pz_scene_id, pz_vip_desc, pz_headimg_oss_url]
2016-09-26 12:24:52.140 [localhost-startStop-1] INFO  org.hibernate.tool.hbm2ddl.TableMetadata:68 - HHH000108: Foreign keys: []
2016-09-26 12:24:52.141 [localhost-startStop-1] INFO  org.hibernate.tool.hbm2ddl.TableMetadata:69 - HHH000126: Indexes: [primary]
2016-09-26 12:24:52.166 [localhost-startStop-1] INFO  org.hibernate.tool.hbm2ddl.TableMetadata:65 - HHH000261: Table found: haoduocheyou.pz_user_gift
2016-09-26 12:24:52.167 [localhost-startStop-1] INFO  org.hibernate.tool.hbm2ddl.TableMetadata:66 - HHH000037: Columns: [pz_user_id, pz_id, pz_gift_id, pz_modify_time, pz_created_time]
2016-09-26 12:24:52.168 [localhost-startStop-1] INFO  org.hibernate.tool.hbm2ddl.TableMetadata:68 - HHH000108: Foreign keys: [fk_8k95hw4na76p4wx9087v6n3tr, fk_b6kj3klsqft3b1y63pq93m6or]
2016-09-26 12:24:52.168 [localhost-startStop-1] INFO  org.hibernate.tool.hbm2ddl.TableMetadata:69 - HHH000126: Indexes: [fk_8k95hw4na76p4wx9087v6n3tr, fk_b6kj3klsqft3b1y63pq93m6or, primary]
2016-09-26 12:24:52.201 [localhost-startStop-1] INFO  org.hibernate.tool.hbm2ddl.TableMetadata:65 - HHH000261: Table found: haoduocheyou.pz_user_poster
2016-09-26 12:24:52.202 [localhost-startStop-1] INFO  org.hibernate.tool.hbm2ddl.TableMetadata:66 - HHH000037: Columns: [pz_expired_time, pz_user_id, pz_id, pz_active, pz_weixin_media_id, pz_poster_id, pz_modify_time, pz_oss_url, pz_created_time, pz_qrcode_oss_url, pz_point_count]
2016-09-26 12:24:52.203 [localhost-startStop-1] INFO  org.hibernate.tool.hbm2ddl.TableMetadata:68 - HHH000108: Foreign keys: [fk_acclx0tq27orpm5mvno0t7hpn, fk_rmq5a48f6plt4vhossqcd4v63]
2016-09-26 12:24:52.204 [localhost-startStop-1] INFO  org.hibernate.tool.hbm2ddl.TableMetadata:69 - HHH000126: Indexes: [fk_acclx0tq27orpm5mvno0t7hpn, fk_rmq5a48f6plt4vhossqcd4v63, primary]
2016-09-26 12:24:52.241 [localhost-startStop-1] INFO  org.hibernate.tool.hbm2ddl.TableMetadata:65 - HHH000261: Table found: haoduocheyou.pz_user_poster_scan
2016-09-26 12:24:52.242 [localhost-startStop-1] INFO  org.hibernate.tool.hbm2ddl.TableMetadata:66 - HHH000037: Columns: [pz_user_poster_id, pz_id, pz_scaner_id, pz_modify_time, pz_created_time]
2016-09-26 12:24:52.243 [localhost-startStop-1] INFO  org.hibernate.tool.hbm2ddl.TableMetadata:68 - HHH000108: Foreign keys: [fk_r955itwwt9cmwi861ltxhqeiy, fk_7aqpd4acqbq6nx8v2dg1bx8fs]
2016-09-26 12:24:52.243 [localhost-startStop-1] INFO  org.hibernate.tool.hbm2ddl.TableMetadata:69 - HHH000126: Indexes: [fk_r955itwwt9cmwi861ltxhqeiy, fk_7aqpd4acqbq6nx8v2dg1bx8fs, primary]
2016-09-26 12:24:52.272 [localhost-startStop-1] INFO  org.hibernate.tool.hbm2ddl.TableMetadata:65 - HHH000261: Table found: haoduocheyou.pz_video
2016-09-26 12:24:52.273 [localhost-startStop-1] INFO  org.hibernate.tool.hbm2ddl.TableMetadata:66 - HHH000037: Columns: [pz_top, pz_url2, pz_length, pz_modify_time, pz_start_time, pz_created_time, pz_view_count, pz_id, pz_desc, pz_image, pz_live, pz_name, pz_url, pz_enable, pz_view_count_plus]
2016-09-26 12:24:52.274 [localhost-startStop-1] INFO  org.hibernate.tool.hbm2ddl.TableMetadata:68 - HHH000108: Foreign keys: []
2016-09-26 12:24:52.275 [localhost-startStop-1] INFO  org.hibernate.tool.hbm2ddl.TableMetadata:69 - HHH000126: Indexes: [primary]
2016-09-26 12:24:52.310 [localhost-startStop-1] INFO  org.hibernate.tool.hbm2ddl.TableMetadata:65 - HHH000261: Table found: haoduocheyou.pz_voter
2016-09-26 12:24:52.314 [localhost-startStop-1] INFO  org.hibernate.tool.hbm2ddl.TableMetadata:66 - HHH000037: Columns: [pz_user_id, pz_id, pz_modify_time, pz_participator_id, pz_created_time]
2016-09-26 12:24:52.318 [localhost-startStop-1] INFO  org.hibernate.tool.hbm2ddl.TableMetadata:68 - HHH000108: Foreign keys: [fk_epodyiq2sxcvj0rd5itbdlutr, fk_ijrv4byt9vmkdexo6wsudojx6]
2016-09-26 12:24:52.322 [localhost-startStop-1] INFO  org.hibernate.tool.hbm2ddl.TableMetadata:69 - HHH000126: Indexes: [fk_epodyiq2sxcvj0rd5itbdlutr, fk_ijrv4byt9vmkdexo6wsudojx6, primary]
2016-09-26 12:24:52.359 [localhost-startStop-1] INFO  org.hibernate.tool.hbm2ddl.TableMetadata:65 - HHH000261: Table found: haoduocheyou.pz_voting
2016-09-26 12:24:52.360 [localhost-startStop-1] INFO  org.hibernate.tool.hbm2ddl.TableMetadata:66 - HHH000037: Columns: [pz_vote_limit2, pz_pz_id, pz_vote_limit1, pz_gift_desc, pz_result]
2016-09-26 12:24:52.361 [localhost-startStop-1] INFO  org.hibernate.tool.hbm2ddl.TableMetadata:68 - HHH000108: Foreign keys: [fk_kmiawmgbowja0ujdc7cc4lq1l]
2016-09-26 12:24:52.366 [localhost-startStop-1] INFO  org.hibernate.tool.hbm2ddl.TableMetadata:69 - HHH000126: Indexes: [primary]
2016-09-26 12:24:52.436 [localhost-startStop-1] INFO  org.hibernate.tool.hbm2ddl.TableMetadata:65 - HHH000261: Table found: haoduocheyou.pz_voting_gift_images
2016-09-26 12:24:52.438 [localhost-startStop-1] INFO  org.hibernate.tool.hbm2ddl.TableMetadata:66 - HHH000037: Columns: [pz_gift_images, pz_voting_id]
2016-09-26 12:24:52.438 [localhost-startStop-1] INFO  org.hibernate.tool.hbm2ddl.TableMetadata:68 - HHH000108: Foreign keys: [fk_1f2gpqj2g58pqr3dpdnftcfa4]
2016-09-26 12:24:52.439 [localhost-startStop-1] INFO  org.hibernate.tool.hbm2ddl.TableMetadata:69 - HHH000126: Indexes: [fk_1f2gpqj2g58pqr3dpdnftcfa4]
2016-09-26 12:24:52.532 [localhost-startStop-1] INFO  org.hibernate.tool.hbm2ddl.TableMetadata:65 - HHH000261: Table found: haoduocheyou.pz_voting_participator
2016-09-26 12:24:52.534 [localhost-startStop-1] INFO  org.hibernate.tool.hbm2ddl.TableMetadata:66 - HHH000037: Columns: [pz_pz_id, pz_image, pz_number, pz_message, pz_numberi, pz_voting_id, pz_vote_count, pz_state]
2016-09-26 12:24:52.535 [localhost-startStop-1] INFO  org.hibernate.tool.hbm2ddl.TableMetadata:68 - HHH000108: Foreign keys: [fk_6qjex4phcsqqyg039632td7qb, fk_5xuvsk2gs9daypjbpt2jwiaii]
2016-09-26 12:24:52.535 [localhost-startStop-1] INFO  org.hibernate.tool.hbm2ddl.TableMetadata:69 - HHH000126: Indexes: [fk_5xuvsk2gs9daypjbpt2jwiaii, primary]
2016-09-26 12:24:52.726 [localhost-startStop-1] INFO  org.hibernate.tool.hbm2ddl.TableMetadata:65 - HHH000261: Table found: haoduocheyou.pz_weixin_reply
2016-09-26 12:24:52.730 [localhost-startStop-1] INFO  org.hibernate.tool.hbm2ddl.TableMetadata:66 - HHH000037: Columns: [pz_content, pz_id, pz_modify_time, pz_key, pz_created_time]
2016-09-26 12:24:52.731 [localhost-startStop-1] INFO  org.hibernate.tool.hbm2ddl.TableMetadata:68 - HHH000108: Foreign keys: []
2016-09-26 12:24:52.734 [localhost-startStop-1] INFO  org.hibernate.tool.hbm2ddl.TableMetadata:69 - HHH000126: Indexes: [primary]
2016-09-26 12:24:52.835 [localhost-startStop-1] INFO  org.hibernate.tool.hbm2ddl.TableMetadata:65 - HHH000261: Table found: haoduocheyou.pz_id_sequence
2016-09-26 12:24:52.836 [localhost-startStop-1] INFO  org.hibernate.tool.hbm2ddl.TableMetadata:66 - HHH000037: Columns: [next_val]
2016-09-26 12:24:52.842 [localhost-startStop-1] INFO  org.hibernate.tool.hbm2ddl.TableMetadata:68 - HHH000108: Foreign keys: []
2016-09-26 12:24:52.846 [localhost-startStop-1] INFO  org.hibernate.tool.hbm2ddl.TableMetadata:69 - HHH000126: Indexes: []
2016-09-26 12:24:55.132 [localhost-startStop-1] ERROR org.hibernate.tool.hbm2ddl.SchemaUpdate:261 - HHH000388: Unsuccessful: alter table pz_lottery add constraint FK_l2qgoojwyfgj0ig70s397vk83 foreign key (pz_pz_id) references pz_participation (pz_id)
2016-09-26 12:24:55.134 [localhost-startStop-1] ERROR org.hibernate.tool.hbm2ddl.SchemaUpdate:262 - Cannot add or update a child row: a foreign key constraint fails (`haoduocheyou`.`#sql-4cb8_240e0bcb`, CONSTRAINT `FK_l2qgoojwyfgj0ig70s397vk83` FOREIGN KEY (`pz_pz_id`) REFERENCES `pz_participation` (`pz_id`))
2016-09-26 12:24:55.146 [localhost-startStop-1] ERROR org.hibernate.tool.hbm2ddl.SchemaUpdate:261 - HHH000388: Unsuccessful: alter table pz_lottery_participator add constraint FK_rur5fv6p9xw96b435rlp56dj5 foreign key (pz_lottery_id) references pz_lottery (pz_pz_id)
2016-09-26 12:24:55.147 [localhost-startStop-1] ERROR org.hibernate.tool.hbm2ddl.SchemaUpdate:262 - Cannot add foreign key constraint
2016-09-26 12:24:55.148 [localhost-startStop-1] INFO  org.hibernate.tool.hbm2ddl.SchemaUpdate:267 - HHH000232: Schema update complete
